<?xml version="1.0" encoding="UTF-8"?>
<testsuite xmlns:xsi="http://www.w3.org/2001/XMLSchema-instance" xsi:noNamespaceSchemaLocation="https://maven.apache.org/surefire/maven-surefire-plugin/xsd/surefire-test-report.xsd" version="3.0.2" name="com.easymenu.product.ProductControllerTest" time="1.552" tests="5" errors="0" skipped="0" failures="0">
  <properties>
    <property name="java.specification.version" value="17"/>
    <property name="sun.jnu.encoding" value="UTF-8"/>
    <property name="java.class.path" value="/Users/viniciusrodrigues/Documents/Projects/EasyMenu/backend/target/test-classes:/Users/viniciusrodrigues/Documents/Projects/EasyMenu/backend/target/classes:/Users/viniciusrodrigues/.m2/repository/org/springframework/boot/spring-boot-starter-data-jpa/3.4.4/spring-boot-starter-data-jpa-3.4.4.jar:/Users/viniciusrodrigues/.m2/repository/org/springframework/boot/spring-boot-starter/3.4.4/spring-boot-starter-3.4.4.jar:/Users/viniciusrodrigues/.m2/repository/org/springframework/boot/spring-boot-starter-logging/3.4.4/spring-boot-starter-logging-3.4.4.jar:/Users/viniciusrodrigues/.m2/repository/ch/qos/logback/logback-classic/1.5.18/logback-classic-1.5.18.jar:/Users/viniciusrodrigues/.m2/repository/ch/qos/logback/logback-core/1.5.18/logback-core-1.5.18.jar:/Users/viniciusrodrigues/.m2/repository/org/apache/logging/log4j/log4j-to-slf4j/2.24.3/log4j-to-slf4j-2.24.3.jar:/Users/viniciusrodrigues/.m2/repository/org/apache/logging/log4j/log4j-api/2.24.3/log4j-api-2.24.3.jar:/Users/viniciusrodrigues/.m2/repository/org/slf4j/jul-to-slf4j/2.0.17/jul-to-slf4j-2.0.17.jar:/Users/viniciusrodrigues/.m2/repository/jakarta/annotation/jakarta.annotation-api/2.1.1/jakarta.annotation-api-2.1.1.jar:/Users/viniciusrodrigues/.m2/repository/org/yaml/snakeyaml/2.3/snakeyaml-2.3.jar:/Users/viniciusrodrigues/.m2/repository/org/springframework/boot/spring-boot-starter-jdbc/3.4.4/spring-boot-starter-jdbc-3.4.4.jar:/Users/viniciusrodrigues/.m2/repository/com/zaxxer/HikariCP/5.1.0/HikariCP-5.1.0.jar:/Users/viniciusrodrigues/.m2/repository/org/springframework/spring-jdbc/6.2.5/spring-jdbc-6.2.5.jar:/Users/viniciusrodrigues/.m2/repository/org/hibernate/orm/hibernate-core/6.6.11.Final/hibernate-core-6.6.11.Final.jar:/Users/viniciusrodrigues/.m2/repository/jakarta/persistence/jakarta.persistence-api/3.1.0/jakarta.persistence-api-3.1.0.jar:/Users/viniciusrodrigues/.m2/repository/jakarta/transaction/jakarta.transaction-api/2.0.1/jakarta.transaction-api-2.0.1.jar:/Users/viniciusrodrigues/.m2/repository/org/jboss/logging/jboss-logging/3.6.1.Final/jboss-logging-3.6.1.Final.jar:/Users/viniciusrodrigues/.m2/repository/org/hibernate/common/hibernate-commons-annotations/7.0.3.Final/hibernate-commons-annotations-7.0.3.Final.jar:/Users/viniciusrodrigues/.m2/repository/io/smallrye/jandex/3.2.0/jandex-3.2.0.jar:/Users/viniciusrodrigues/.m2/repository/com/fasterxml/classmate/1.7.0/classmate-1.7.0.jar:/Users/viniciusrodrigues/.m2/repository/net/bytebuddy/byte-buddy/1.15.11/byte-buddy-1.15.11.jar:/Users/viniciusrodrigues/.m2/repository/org/glassfish/jaxb/jaxb-runtime/4.0.5/jaxb-runtime-4.0.5.jar:/Users/viniciusrodrigues/.m2/repository/org/glassfish/jaxb/jaxb-core/4.0.5/jaxb-core-4.0.5.jar:/Users/viniciusrodrigues/.m2/repository/org/eclipse/angus/angus-activation/2.0.2/angus-activation-2.0.2.jar:/Users/viniciusrodrigues/.m2/repository/org/glassfish/jaxb/txw2/4.0.5/txw2-4.0.5.jar:/Users/viniciusrodrigues/.m2/repository/com/sun/istack/istack-commons-runtime/4.1.2/istack-commons-runtime-4.1.2.jar:/Users/viniciusrodrigues/.m2/repository/jakarta/inject/jakarta.inject-api/2.0.1/jakarta.inject-api-2.0.1.jar:/Users/viniciusrodrigues/.m2/repository/org/antlr/antlr4-runtime/4.13.0/antlr4-runtime-4.13.0.jar:/Users/viniciusrodrigues/.m2/repository/org/springframework/data/spring-data-jpa/3.4.4/spring-data-jpa-3.4.4.jar:/Users/viniciusrodrigues/.m2/repository/org/springframework/data/spring-data-commons/3.4.4/spring-data-commons-3.4.4.jar:/Users/viniciusrodrigues/.m2/repository/org/springframework/spring-orm/6.2.5/spring-orm-6.2.5.jar:/Users/viniciusrodrigues/.m2/repository/org/springframework/spring-tx/6.2.5/spring-tx-6.2.5.jar:/Users/viniciusrodrigues/.m2/repository/org/slf4j/slf4j-api/2.0.17/slf4j-api-2.0.17.jar:/Users/viniciusrodrigues/.m2/repository/org/springframework/spring-aspects/6.2.5/spring-aspects-6.2.5.jar:/Users/viniciusrodrigues/.m2/repository/org/aspectj/aspectjweaver/1.9.23/aspectjweaver-1.9.23.jar:/Users/viniciusrodrigues/.m2/repository/org/springframework/boot/spring-boot-devtools/3.4.4/spring-boot-devtools-3.4.4.jar:/Users/viniciusrodrigues/.m2/repository/org/springframework/boot/spring-boot/3.4.4/spring-boot-3.4.4.jar:/Users/viniciusrodrigues/.m2/repository/org/springframework/boot/spring-boot-autoconfigure/3.4.4/spring-boot-autoconfigure-3.4.4.jar:/Users/viniciusrodrigues/.m2/repository/org/springframework/boot/spring-boot-starter-web/3.4.4/spring-boot-starter-web-3.4.4.jar:/Users/viniciusrodrigues/.m2/repository/org/springframework/boot/spring-boot-starter-json/3.4.4/spring-boot-starter-json-3.4.4.jar:/Users/viniciusrodrigues/.m2/repository/com/fasterxml/jackson/datatype/jackson-datatype-jdk8/2.18.3/jackson-datatype-jdk8-2.18.3.jar:/Users/viniciusrodrigues/.m2/repository/com/fasterxml/jackson/module/jackson-module-parameter-names/2.18.3/jackson-module-parameter-names-2.18.3.jar:/Users/viniciusrodrigues/.m2/repository/org/springframework/boot/spring-boot-starter-tomcat/3.4.4/spring-boot-starter-tomcat-3.4.4.jar:/Users/viniciusrodrigues/.m2/repository/org/apache/tomcat/embed/tomcat-embed-core/10.1.39/tomcat-embed-core-10.1.39.jar:/Users/viniciusrodrigues/.m2/repository/org/apache/tomcat/embed/tomcat-embed-websocket/10.1.39/tomcat-embed-websocket-10.1.39.jar:/Users/viniciusrodrigues/.m2/repository/org/springframework/spring-web/6.2.5/spring-web-6.2.5.jar:/Users/viniciusrodrigues/.m2/repository/org/springframework/spring-webmvc/6.2.5/spring-webmvc-6.2.5.jar:/Users/viniciusrodrigues/.m2/repository/org/springframework/boot/spring-boot-starter-validation/3.4.4/spring-boot-starter-validation-3.4.4.jar:/Users/viniciusrodrigues/.m2/repository/org/apache/tomcat/embed/tomcat-embed-el/10.1.39/tomcat-embed-el-10.1.39.jar:/Users/viniciusrodrigues/.m2/repository/org/hibernate/validator/hibernate-validator/8.0.2.Final/hibernate-validator-8.0.2.Final.jar:/Users/viniciusrodrigues/.m2/repository/org/springframework/boot/spring-boot-starter-hateoas/3.4.4/spring-boot-starter-hateoas-3.4.4.jar:/Users/viniciusrodrigues/.m2/repository/org/springframework/hateoas/spring-hateoas/2.4.1/spring-hateoas-2.4.1.jar:/Users/viniciusrodrigues/.m2/repository/org/springframework/plugin/spring-plugin-core/3.0.0/spring-plugin-core-3.0.0.jar:/Users/viniciusrodrigues/.m2/repository/org/postgresql/postgresql/42.7.5/postgresql-42.7.5.jar:/Users/viniciusrodrigues/.m2/repository/org/checkerframework/checker-qual/3.48.3/checker-qual-3.48.3.jar:/Users/viniciusrodrigues/.m2/repository/com/h2database/h2/2.3.232/h2-2.3.232.jar:/Users/viniciusrodrigues/.m2/repository/org/springframework/boot/spring-boot-starter-security/3.4.4/spring-boot-starter-security-3.4.4.jar:/Users/viniciusrodrigues/.m2/repository/org/springframework/spring-aop/6.2.5/spring-aop-6.2.5.jar:/Users/viniciusrodrigues/.m2/repository/org/springframework/security/spring-security-config/6.4.4/spring-security-config-6.4.4.jar:/Users/viniciusrodrigues/.m2/repository/org/springframework/security/spring-security-web/6.4.4/spring-security-web-6.4.4.jar:/Users/viniciusrodrigues/.m2/repository/org/springframework/security/spring-security-test/6.4.4/spring-security-test-6.4.4.jar:/Users/viniciusrodrigues/.m2/repository/org/springframework/spring-core/6.2.5/spring-core-6.2.5.jar:/Users/viniciusrodrigues/.m2/repository/org/springframework/spring-jcl/6.2.5/spring-jcl-6.2.5.jar:/Users/viniciusrodrigues/.m2/repository/org/springframework/spring-test/6.2.5/spring-test-6.2.5.jar:/Users/viniciusrodrigues/.m2/repository/org/flywaydb/flyway-core/10.20.1/flyway-core-10.20.1.jar:/Users/viniciusrodrigues/.m2/repository/com/fasterxml/jackson/dataformat/jackson-dataformat-toml/2.18.3/jackson-dataformat-toml-2.18.3.jar:/Users/viniciusrodrigues/.m2/repository/org/flywaydb/flyway-database-postgresql/10.20.1/flyway-database-postgresql-10.20.1.jar:/Users/viniciusrodrigues/.m2/repository/com/auth0/java-jwt/4.5.0/java-jwt-4.5.0.jar:/Users/viniciusrodrigues/.m2/repository/com/fasterxml/jackson/core/jackson-core/2.18.3/jackson-core-2.18.3.jar:/Users/viniciusrodrigues/.m2/repository/com/fasterxml/jackson/core/jackson-databind/2.18.3/jackson-databind-2.18.3.jar:/Users/viniciusrodrigues/.m2/repository/org/springdoc/springdoc-openapi-starter-webmvc-ui/2.8.9/springdoc-openapi-starter-webmvc-ui-2.8.9.jar:/Users/viniciusrodrigues/.m2/repository/org/springdoc/springdoc-openapi-starter-webmvc-api/2.8.9/springdoc-openapi-starter-webmvc-api-2.8.9.jar:/Users/viniciusrodrigues/.m2/repository/org/springdoc/springdoc-openapi-starter-common/2.8.9/springdoc-openapi-starter-common-2.8.9.jar:/Users/viniciusrodrigues/.m2/repository/io/swagger/core/v3/swagger-core-jakarta/2.2.30/swagger-core-jakarta-2.2.30.jar:/Users/viniciusrodrigues/.m2/repository/org/apache/commons/commons-lang3/3.17.0/commons-lang3-3.17.0.jar:/Users/viniciusrodrigues/.m2/repository/io/swagger/core/v3/swagger-annotations-jakarta/2.2.30/swagger-annotations-jakarta-2.2.30.jar:/Users/viniciusrodrigues/.m2/repository/io/swagger/core/v3/swagger-models-jakarta/2.2.30/swagger-models-jakarta-2.2.30.jar:/Users/viniciusrodrigues/.m2/repository/com/fasterxml/jackson/dataformat/jackson-dataformat-yaml/2.18.3/jackson-dataformat-yaml-2.18.3.jar:/Users/viniciusrodrigues/.m2/repository/org/webjars/swagger-ui/5.21.0/swagger-ui-5.21.0.jar:/Users/viniciusrodrigues/.m2/repository/org/webjars/webjars-locator-lite/1.0.1/webjars-locator-lite-1.0.1.jar:/Users/viniciusrodrigues/.m2/repository/org/jspecify/jspecify/1.0.0/jspecify-1.0.0.jar:/Users/viniciusrodrigues/.m2/repository/org/springframework/security/spring-security-core/6.4.5/spring-security-core-6.4.5.jar:/Users/viniciusrodrigues/.m2/repository/org/springframework/security/spring-security-crypto/6.4.4/spring-security-crypto-6.4.4.jar:/Users/viniciusrodrigues/.m2/repository/org/springframework/spring-beans/6.2.5/spring-beans-6.2.5.jar:/Users/viniciusrodrigues/.m2/repository/org/springframework/spring-context/6.2.5/spring-context-6.2.5.jar:/Users/viniciusrodrigues/.m2/repository/org/springframework/spring-expression/6.2.5/spring-expression-6.2.5.jar:/Users/viniciusrodrigues/.m2/repository/io/micrometer/micrometer-observation/1.14.5/micrometer-observation-1.14.5.jar:/Users/viniciusrodrigues/.m2/repository/io/micrometer/micrometer-commons/1.14.5/micrometer-commons-1.14.5.jar:/Users/viniciusrodrigues/.m2/repository/org/zalando/problem-spring-web/0.29.1/problem-spring-web-0.29.1.jar:/Users/viniciusrodrigues/.m2/repository/org/zalando/problem-violations/0.29.1/problem-violations-0.29.1.jar:/Users/viniciusrodrigues/.m2/repository/com/google/code/findbugs/jsr305/3.0.2/jsr305-3.0.2.jar:/Users/viniciusrodrigues/.m2/repository/org/zalando/problem-spring-common/0.29.1/problem-spring-common-0.29.1.jar:/Users/viniciusrodrigues/.m2/repository/org/zalando/faux-pas/0.9.0/faux-pas-0.9.0.jar:/Users/viniciusrodrigues/.m2/repository/jakarta/validation/jakarta.validation-api/3.0.2/jakarta.validation-api-3.0.2.jar:/Users/viniciusrodrigues/.m2/repository/org/zalando/jackson-datatype-problem/0.27.1/jackson-datatype-problem-0.27.1.jar:/Users/viniciusrodrigues/.m2/repository/org/zalando/problem/0.27.1/problem-0.27.1.jar:/Users/viniciusrodrigues/.m2/repository/org/apiguardian/apiguardian-api/1.1.2/apiguardian-api-1.1.2.jar:/Users/viniciusrodrigues/.m2/repository/me/paulschwarz/spring-dotenv/4.0.0/spring-dotenv-4.0.0.jar:/Users/viniciusrodrigues/.m2/repository/io/github/cdimascio/dotenv-java/3.0.0/dotenv-java-3.0.0.jar:/Users/viniciusrodrigues/.m2/repository/com/fasterxml/jackson/datatype/jackson-datatype-jsr310/2.18.3/jackson-datatype-jsr310-2.18.3.jar:/Users/viniciusrodrigues/.m2/repository/com/fasterxml/jackson/core/jackson-annotations/2.18.3/jackson-annotations-2.18.3.jar:/Users/viniciusrodrigues/.m2/repository/org/projectlombok/lombok/1.18.36/lombok-1.18.36.jar:/Users/viniciusrodrigues/.m2/repository/org/springframework/boot/spring-boot-starter-test/3.4.4/spring-boot-starter-test-3.4.4.jar:/Users/viniciusrodrigues/.m2/repository/org/springframework/boot/spring-boot-test/3.4.4/spring-boot-test-3.4.4.jar:/Users/viniciusrodrigues/.m2/repository/org/springframework/boot/spring-boot-test-autoconfigure/3.4.4/spring-boot-test-autoconfigure-3.4.4.jar:/Users/viniciusrodrigues/.m2/repository/com/jayway/jsonpath/json-path/2.9.0/json-path-2.9.0.jar:/Users/viniciusrodrigues/.m2/repository/jakarta/xml/bind/jakarta.xml.bind-api/4.0.2/jakarta.xml.bind-api-4.0.2.jar:/Users/viniciusrodrigues/.m2/repository/jakarta/activation/jakarta.activation-api/2.1.3/jakarta.activation-api-2.1.3.jar:/Users/viniciusrodrigues/.m2/repository/net/minidev/json-smart/2.5.2/json-smart-2.5.2.jar:/Users/viniciusrodrigues/.m2/repository/net/minidev/accessors-smart/2.5.2/accessors-smart-2.5.2.jar:/Users/viniciusrodrigues/.m2/repository/org/ow2/asm/asm/9.7.1/asm-9.7.1.jar:/Users/viniciusrodrigues/.m2/repository/org/assertj/assertj-core/3.26.3/assertj-core-3.26.3.jar:/Users/viniciusrodrigues/.m2/repository/org/awaitility/awaitility/4.2.2/awaitility-4.2.2.jar:/Users/viniciusrodrigues/.m2/repository/org/hamcrest/hamcrest/2.2/hamcrest-2.2.jar:/Users/viniciusrodrigues/.m2/repository/org/junit/jupiter/junit-jupiter/5.11.4/junit-jupiter-5.11.4.jar:/Users/viniciusrodrigues/.m2/repository/org/junit/jupiter/junit-jupiter-api/5.11.4/junit-jupiter-api-5.11.4.jar:/Users/viniciusrodrigues/.m2/repository/org/opentest4j/opentest4j/1.3.0/opentest4j-1.3.0.jar:/Users/viniciusrodrigues/.m2/repository/org/junit/platform/junit-platform-commons/1.11.4/junit-platform-commons-1.11.4.jar:/Users/viniciusrodrigues/.m2/repository/org/junit/jupiter/junit-jupiter-params/5.11.4/junit-jupiter-params-5.11.4.jar:/Users/viniciusrodrigues/.m2/repository/org/junit/jupiter/junit-jupiter-engine/5.11.4/junit-jupiter-engine-5.11.4.jar:/Users/viniciusrodrigues/.m2/repository/org/junit/platform/junit-platform-engine/1.11.4/junit-platform-engine-1.11.4.jar:/Users/viniciusrodrigues/.m2/repository/org/mockito/mockito-core/5.14.2/mockito-core-5.14.2.jar:/Users/viniciusrodrigues/.m2/repository/net/bytebuddy/byte-buddy-agent/1.15.11/byte-buddy-agent-1.15.11.jar:/Users/viniciusrodrigues/.m2/repository/org/objenesis/objenesis/3.3/objenesis-3.3.jar:/Users/viniciusrodrigues/.m2/repository/org/mockito/mockito-junit-jupiter/5.14.2/mockito-junit-jupiter-5.14.2.jar:/Users/viniciusrodrigues/.m2/repository/org/skyscreamer/jsonassert/1.5.3/jsonassert-1.5.3.jar:/Users/viniciusrodrigues/.m2/repository/com/vaadin/external/google/android-json/0.0.20131108.vaadin1/android-json-0.0.20131108.vaadin1.jar:/Users/viniciusrodrigues/.m2/repository/org/xmlunit/xmlunit-core/2.10.0/xmlunit-core-2.10.0.jar:/Users/viniciusrodrigues/.m2/repository/io/projectreactor/reactor-test/3.7.4/reactor-test-3.7.4.jar:/Users/viniciusrodrigues/.m2/repository/io/projectreactor/reactor-core/3.7.4/reactor-core-3.7.4.jar:/Users/viniciusrodrigues/.m2/repository/org/reactivestreams/reactive-streams/1.0.4/reactive-streams-1.0.4.jar:"/>
    <property name="java.vm.vendor" value="Eclipse Adoptium"/>
    <property name="sun.arch.data.model" value="64"/>
    <property name="java.vendor.url" value="https://adoptium.net/"/>
    <property name="user.timezone" value="Asia/Manila"/>
    <property name="org.jboss.logging.provider" value="slf4j"/>
    <property name="os.name" value="Mac OS X"/>
    <property name="java.vm.specification.version" value="17"/>
    <property name="sun.java.launcher" value="SUN_STANDARD"/>
    <property name="user.country" value="PH"/>
    <property name="sun.boot.library.path" value="/Users/viniciusrodrigues/Library/Java/JavaVirtualMachines/temurin-17.0.15/Contents/Home/lib"/>
    <property name="sun.java.command" value="/Users/viniciusrodrigues/Documents/Projects/EasyMenu/backend/target/surefire/surefirebooter-20250712164052508_3.jar /Users/viniciusrodrigues/Documents/Projects/EasyMenu/backend/target/surefire 2025-07-12T16-40-52_478-jvmRun1 surefire-20250712164052508_1tmp surefire_0-20250712164052508_2tmp"/>
    <property name="http.nonProxyHosts" value="local|*.local|169.254/16|*.169.254/16"/>
    <property name="jdk.debug" value="release"/>
    <property name="surefire.test.class.path" value="/Users/viniciusrodrigues/Documents/Projects/EasyMenu/backend/target/test-classes:/Users/viniciusrodrigues/Documents/Projects/EasyMenu/backend/target/classes:/Users/viniciusrodrigues/.m2/repository/org/springframework/boot/spring-boot-starter-data-jpa/3.4.4/spring-boot-starter-data-jpa-3.4.4.jar:/Users/viniciusrodrigues/.m2/repository/org/springframework/boot/spring-boot-starter/3.4.4/spring-boot-starter-3.4.4.jar:/Users/viniciusrodrigues/.m2/repository/org/springframework/boot/spring-boot-starter-logging/3.4.4/spring-boot-starter-logging-3.4.4.jar:/Users/viniciusrodrigues/.m2/repository/ch/qos/logback/logback-classic/1.5.18/logback-classic-1.5.18.jar:/Users/viniciusrodrigues/.m2/repository/ch/qos/logback/logback-core/1.5.18/logback-core-1.5.18.jar:/Users/viniciusrodrigues/.m2/repository/org/apache/logging/log4j/log4j-to-slf4j/2.24.3/log4j-to-slf4j-2.24.3.jar:/Users/viniciusrodrigues/.m2/repository/org/apache/logging/log4j/log4j-api/2.24.3/log4j-api-2.24.3.jar:/Users/viniciusrodrigues/.m2/repository/org/slf4j/jul-to-slf4j/2.0.17/jul-to-slf4j-2.0.17.jar:/Users/viniciusrodrigues/.m2/repository/jakarta/annotation/jakarta.annotation-api/2.1.1/jakarta.annotation-api-2.1.1.jar:/Users/viniciusrodrigues/.m2/repository/org/yaml/snakeyaml/2.3/snakeyaml-2.3.jar:/Users/viniciusrodrigues/.m2/repository/org/springframework/boot/spring-boot-starter-jdbc/3.4.4/spring-boot-starter-jdbc-3.4.4.jar:/Users/viniciusrodrigues/.m2/repository/com/zaxxer/HikariCP/5.1.0/HikariCP-5.1.0.jar:/Users/viniciusrodrigues/.m2/repository/org/springframework/spring-jdbc/6.2.5/spring-jdbc-6.2.5.jar:/Users/viniciusrodrigues/.m2/repository/org/hibernate/orm/hibernate-core/6.6.11.Final/hibernate-core-6.6.11.Final.jar:/Users/viniciusrodrigues/.m2/repository/jakarta/persistence/jakarta.persistence-api/3.1.0/jakarta.persistence-api-3.1.0.jar:/Users/viniciusrodrigues/.m2/repository/jakarta/transaction/jakarta.transaction-api/2.0.1/jakarta.transaction-api-2.0.1.jar:/Users/viniciusrodrigues/.m2/repository/org/jboss/logging/jboss-logging/3.6.1.Final/jboss-logging-3.6.1.Final.jar:/Users/viniciusrodrigues/.m2/repository/org/hibernate/common/hibernate-commons-annotations/7.0.3.Final/hibernate-commons-annotations-7.0.3.Final.jar:/Users/viniciusrodrigues/.m2/repository/io/smallrye/jandex/3.2.0/jandex-3.2.0.jar:/Users/viniciusrodrigues/.m2/repository/com/fasterxml/classmate/1.7.0/classmate-1.7.0.jar:/Users/viniciusrodrigues/.m2/repository/net/bytebuddy/byte-buddy/1.15.11/byte-buddy-1.15.11.jar:/Users/viniciusrodrigues/.m2/repository/org/glassfish/jaxb/jaxb-runtime/4.0.5/jaxb-runtime-4.0.5.jar:/Users/viniciusrodrigues/.m2/repository/org/glassfish/jaxb/jaxb-core/4.0.5/jaxb-core-4.0.5.jar:/Users/viniciusrodrigues/.m2/repository/org/eclipse/angus/angus-activation/2.0.2/angus-activation-2.0.2.jar:/Users/viniciusrodrigues/.m2/repository/org/glassfish/jaxb/txw2/4.0.5/txw2-4.0.5.jar:/Users/viniciusrodrigues/.m2/repository/com/sun/istack/istack-commons-runtime/4.1.2/istack-commons-runtime-4.1.2.jar:/Users/viniciusrodrigues/.m2/repository/jakarta/inject/jakarta.inject-api/2.0.1/jakarta.inject-api-2.0.1.jar:/Users/viniciusrodrigues/.m2/repository/org/antlr/antlr4-runtime/4.13.0/antlr4-runtime-4.13.0.jar:/Users/viniciusrodrigues/.m2/repository/org/springframework/data/spring-data-jpa/3.4.4/spring-data-jpa-3.4.4.jar:/Users/viniciusrodrigues/.m2/repository/org/springframework/data/spring-data-commons/3.4.4/spring-data-commons-3.4.4.jar:/Users/viniciusrodrigues/.m2/repository/org/springframework/spring-orm/6.2.5/spring-orm-6.2.5.jar:/Users/viniciusrodrigues/.m2/repository/org/springframework/spring-tx/6.2.5/spring-tx-6.2.5.jar:/Users/viniciusrodrigues/.m2/repository/org/slf4j/slf4j-api/2.0.17/slf4j-api-2.0.17.jar:/Users/viniciusrodrigues/.m2/repository/org/springframework/spring-aspects/6.2.5/spring-aspects-6.2.5.jar:/Users/viniciusrodrigues/.m2/repository/org/aspectj/aspectjweaver/1.9.23/aspectjweaver-1.9.23.jar:/Users/viniciusrodrigues/.m2/repository/org/springframework/boot/spring-boot-devtools/3.4.4/spring-boot-devtools-3.4.4.jar:/Users/viniciusrodrigues/.m2/repository/org/springframework/boot/spring-boot/3.4.4/spring-boot-3.4.4.jar:/Users/viniciusrodrigues/.m2/repository/org/springframework/boot/spring-boot-autoconfigure/3.4.4/spring-boot-autoconfigure-3.4.4.jar:/Users/viniciusrodrigues/.m2/repository/org/springframework/boot/spring-boot-starter-web/3.4.4/spring-boot-starter-web-3.4.4.jar:/Users/viniciusrodrigues/.m2/repository/org/springframework/boot/spring-boot-starter-json/3.4.4/spring-boot-starter-json-3.4.4.jar:/Users/viniciusrodrigues/.m2/repository/com/fasterxml/jackson/datatype/jackson-datatype-jdk8/2.18.3/jackson-datatype-jdk8-2.18.3.jar:/Users/viniciusrodrigues/.m2/repository/com/fasterxml/jackson/module/jackson-module-parameter-names/2.18.3/jackson-module-parameter-names-2.18.3.jar:/Users/viniciusrodrigues/.m2/repository/org/springframework/boot/spring-boot-starter-tomcat/3.4.4/spring-boot-starter-tomcat-3.4.4.jar:/Users/viniciusrodrigues/.m2/repository/org/apache/tomcat/embed/tomcat-embed-core/10.1.39/tomcat-embed-core-10.1.39.jar:/Users/viniciusrodrigues/.m2/repository/org/apache/tomcat/embed/tomcat-embed-websocket/10.1.39/tomcat-embed-websocket-10.1.39.jar:/Users/viniciusrodrigues/.m2/repository/org/springframework/spring-web/6.2.5/spring-web-6.2.5.jar:/Users/viniciusrodrigues/.m2/repository/org/springframework/spring-webmvc/6.2.5/spring-webmvc-6.2.5.jar:/Users/viniciusrodrigues/.m2/repository/org/springframework/boot/spring-boot-starter-validation/3.4.4/spring-boot-starter-validation-3.4.4.jar:/Users/viniciusrodrigues/.m2/repository/org/apache/tomcat/embed/tomcat-embed-el/10.1.39/tomcat-embed-el-10.1.39.jar:/Users/viniciusrodrigues/.m2/repository/org/hibernate/validator/hibernate-validator/8.0.2.Final/hibernate-validator-8.0.2.Final.jar:/Users/viniciusrodrigues/.m2/repository/org/springframework/boot/spring-boot-starter-hateoas/3.4.4/spring-boot-starter-hateoas-3.4.4.jar:/Users/viniciusrodrigues/.m2/repository/org/springframework/hateoas/spring-hateoas/2.4.1/spring-hateoas-2.4.1.jar:/Users/viniciusrodrigues/.m2/repository/org/springframework/plugin/spring-plugin-core/3.0.0/spring-plugin-core-3.0.0.jar:/Users/viniciusrodrigues/.m2/repository/org/postgresql/postgresql/42.7.5/postgresql-42.7.5.jar:/Users/viniciusrodrigues/.m2/repository/org/checkerframework/checker-qual/3.48.3/checker-qual-3.48.3.jar:/Users/viniciusrodrigues/.m2/repository/com/h2database/h2/2.3.232/h2-2.3.232.jar:/Users/viniciusrodrigues/.m2/repository/org/springframework/boot/spring-boot-starter-security/3.4.4/spring-boot-starter-security-3.4.4.jar:/Users/viniciusrodrigues/.m2/repository/org/springframework/spring-aop/6.2.5/spring-aop-6.2.5.jar:/Users/viniciusrodrigues/.m2/repository/org/springframework/security/spring-security-config/6.4.4/spring-security-config-6.4.4.jar:/Users/viniciusrodrigues/.m2/repository/org/springframework/security/spring-security-web/6.4.4/spring-security-web-6.4.4.jar:/Users/viniciusrodrigues/.m2/repository/org/springframework/security/spring-security-test/6.4.4/spring-security-test-6.4.4.jar:/Users/viniciusrodrigues/.m2/repository/org/springframework/spring-core/6.2.5/spring-core-6.2.5.jar:/Users/viniciusrodrigues/.m2/repository/org/springframework/spring-jcl/6.2.5/spring-jcl-6.2.5.jar:/Users/viniciusrodrigues/.m2/repository/org/springframework/spring-test/6.2.5/spring-test-6.2.5.jar:/Users/viniciusrodrigues/.m2/repository/org/flywaydb/flyway-core/10.20.1/flyway-core-10.20.1.jar:/Users/viniciusrodrigues/.m2/repository/com/fasterxml/jackson/dataformat/jackson-dataformat-toml/2.18.3/jackson-dataformat-toml-2.18.3.jar:/Users/viniciusrodrigues/.m2/repository/org/flywaydb/flyway-database-postgresql/10.20.1/flyway-database-postgresql-10.20.1.jar:/Users/viniciusrodrigues/.m2/repository/com/auth0/java-jwt/4.5.0/java-jwt-4.5.0.jar:/Users/viniciusrodrigues/.m2/repository/com/fasterxml/jackson/core/jackson-core/2.18.3/jackson-core-2.18.3.jar:/Users/viniciusrodrigues/.m2/repository/com/fasterxml/jackson/core/jackson-databind/2.18.3/jackson-databind-2.18.3.jar:/Users/viniciusrodrigues/.m2/repository/org/springdoc/springdoc-openapi-starter-webmvc-ui/2.8.9/springdoc-openapi-starter-webmvc-ui-2.8.9.jar:/Users/viniciusrodrigues/.m2/repository/org/springdoc/springdoc-openapi-starter-webmvc-api/2.8.9/springdoc-openapi-starter-webmvc-api-2.8.9.jar:/Users/viniciusrodrigues/.m2/repository/org/springdoc/springdoc-openapi-starter-common/2.8.9/springdoc-openapi-starter-common-2.8.9.jar:/Users/viniciusrodrigues/.m2/repository/io/swagger/core/v3/swagger-core-jakarta/2.2.30/swagger-core-jakarta-2.2.30.jar:/Users/viniciusrodrigues/.m2/repository/org/apache/commons/commons-lang3/3.17.0/commons-lang3-3.17.0.jar:/Users/viniciusrodrigues/.m2/repository/io/swagger/core/v3/swagger-annotations-jakarta/2.2.30/swagger-annotations-jakarta-2.2.30.jar:/Users/viniciusrodrigues/.m2/repository/io/swagger/core/v3/swagger-models-jakarta/2.2.30/swagger-models-jakarta-2.2.30.jar:/Users/viniciusrodrigues/.m2/repository/com/fasterxml/jackson/dataformat/jackson-dataformat-yaml/2.18.3/jackson-dataformat-yaml-2.18.3.jar:/Users/viniciusrodrigues/.m2/repository/org/webjars/swagger-ui/5.21.0/swagger-ui-5.21.0.jar:/Users/viniciusrodrigues/.m2/repository/org/webjars/webjars-locator-lite/1.0.1/webjars-locator-lite-1.0.1.jar:/Users/viniciusrodrigues/.m2/repository/org/jspecify/jspecify/1.0.0/jspecify-1.0.0.jar:/Users/viniciusrodrigues/.m2/repository/org/springframework/security/spring-security-core/6.4.5/spring-security-core-6.4.5.jar:/Users/viniciusrodrigues/.m2/repository/org/springframework/security/spring-security-crypto/6.4.4/spring-security-crypto-6.4.4.jar:/Users/viniciusrodrigues/.m2/repository/org/springframework/spring-beans/6.2.5/spring-beans-6.2.5.jar:/Users/viniciusrodrigues/.m2/repository/org/springframework/spring-context/6.2.5/spring-context-6.2.5.jar:/Users/viniciusrodrigues/.m2/repository/org/springframework/spring-expression/6.2.5/spring-expression-6.2.5.jar:/Users/viniciusrodrigues/.m2/repository/io/micrometer/micrometer-observation/1.14.5/micrometer-observation-1.14.5.jar:/Users/viniciusrodrigues/.m2/repository/io/micrometer/micrometer-commons/1.14.5/micrometer-commons-1.14.5.jar:/Users/viniciusrodrigues/.m2/repository/org/zalando/problem-spring-web/0.29.1/problem-spring-web-0.29.1.jar:/Users/viniciusrodrigues/.m2/repository/org/zalando/problem-violations/0.29.1/problem-violations-0.29.1.jar:/Users/viniciusrodrigues/.m2/repository/com/google/code/findbugs/jsr305/3.0.2/jsr305-3.0.2.jar:/Users/viniciusrodrigues/.m2/repository/org/zalando/problem-spring-common/0.29.1/problem-spring-common-0.29.1.jar:/Users/viniciusrodrigues/.m2/repository/org/zalando/faux-pas/0.9.0/faux-pas-0.9.0.jar:/Users/viniciusrodrigues/.m2/repository/jakarta/validation/jakarta.validation-api/3.0.2/jakarta.validation-api-3.0.2.jar:/Users/viniciusrodrigues/.m2/repository/org/zalando/jackson-datatype-problem/0.27.1/jackson-datatype-problem-0.27.1.jar:/Users/viniciusrodrigues/.m2/repository/org/zalando/problem/0.27.1/problem-0.27.1.jar:/Users/viniciusrodrigues/.m2/repository/org/apiguardian/apiguardian-api/1.1.2/apiguardian-api-1.1.2.jar:/Users/viniciusrodrigues/.m2/repository/me/paulschwarz/spring-dotenv/4.0.0/spring-dotenv-4.0.0.jar:/Users/viniciusrodrigues/.m2/repository/io/github/cdimascio/dotenv-java/3.0.0/dotenv-java-3.0.0.jar:/Users/viniciusrodrigues/.m2/repository/com/fasterxml/jackson/datatype/jackson-datatype-jsr310/2.18.3/jackson-datatype-jsr310-2.18.3.jar:/Users/viniciusrodrigues/.m2/repository/com/fasterxml/jackson/core/jackson-annotations/2.18.3/jackson-annotations-2.18.3.jar:/Users/viniciusrodrigues/.m2/repository/org/projectlombok/lombok/1.18.36/lombok-1.18.36.jar:/Users/viniciusrodrigues/.m2/repository/org/springframework/boot/spring-boot-starter-test/3.4.4/spring-boot-starter-test-3.4.4.jar:/Users/viniciusrodrigues/.m2/repository/org/springframework/boot/spring-boot-test/3.4.4/spring-boot-test-3.4.4.jar:/Users/viniciusrodrigues/.m2/repository/org/springframework/boot/spring-boot-test-autoconfigure/3.4.4/spring-boot-test-autoconfigure-3.4.4.jar:/Users/viniciusrodrigues/.m2/repository/com/jayway/jsonpath/json-path/2.9.0/json-path-2.9.0.jar:/Users/viniciusrodrigues/.m2/repository/jakarta/xml/bind/jakarta.xml.bind-api/4.0.2/jakarta.xml.bind-api-4.0.2.jar:/Users/viniciusrodrigues/.m2/repository/jakarta/activation/jakarta.activation-api/2.1.3/jakarta.activation-api-2.1.3.jar:/Users/viniciusrodrigues/.m2/repository/net/minidev/json-smart/2.5.2/json-smart-2.5.2.jar:/Users/viniciusrodrigues/.m2/repository/net/minidev/accessors-smart/2.5.2/accessors-smart-2.5.2.jar:/Users/viniciusrodrigues/.m2/repository/org/ow2/asm/asm/9.7.1/asm-9.7.1.jar:/Users/viniciusrodrigues/.m2/repository/org/assertj/assertj-core/3.26.3/assertj-core-3.26.3.jar:/Users/viniciusrodrigues/.m2/repository/org/awaitility/awaitility/4.2.2/awaitility-4.2.2.jar:/Users/viniciusrodrigues/.m2/repository/org/hamcrest/hamcrest/2.2/hamcrest-2.2.jar:/Users/viniciusrodrigues/.m2/repository/org/junit/jupiter/junit-jupiter/5.11.4/junit-jupiter-5.11.4.jar:/Users/viniciusrodrigues/.m2/repository/org/junit/jupiter/junit-jupiter-api/5.11.4/junit-jupiter-api-5.11.4.jar:/Users/viniciusrodrigues/.m2/repository/org/opentest4j/opentest4j/1.3.0/opentest4j-1.3.0.jar:/Users/viniciusrodrigues/.m2/repository/org/junit/platform/junit-platform-commons/1.11.4/junit-platform-commons-1.11.4.jar:/Users/viniciusrodrigues/.m2/repository/org/junit/jupiter/junit-jupiter-params/5.11.4/junit-jupiter-params-5.11.4.jar:/Users/viniciusrodrigues/.m2/repository/org/junit/jupiter/junit-jupiter-engine/5.11.4/junit-jupiter-engine-5.11.4.jar:/Users/viniciusrodrigues/.m2/repository/org/junit/platform/junit-platform-engine/1.11.4/junit-platform-engine-1.11.4.jar:/Users/viniciusrodrigues/.m2/repository/org/mockito/mockito-core/5.14.2/mockito-core-5.14.2.jar:/Users/viniciusrodrigues/.m2/repository/net/bytebuddy/byte-buddy-agent/1.15.11/byte-buddy-agent-1.15.11.jar:/Users/viniciusrodrigues/.m2/repository/org/objenesis/objenesis/3.3/objenesis-3.3.jar:/Users/viniciusrodrigues/.m2/repository/org/mockito/mockito-junit-jupiter/5.14.2/mockito-junit-jupiter-5.14.2.jar:/Users/viniciusrodrigues/.m2/repository/org/skyscreamer/jsonassert/1.5.3/jsonassert-1.5.3.jar:/Users/viniciusrodrigues/.m2/repository/com/vaadin/external/google/android-json/0.0.20131108.vaadin1/android-json-0.0.20131108.vaadin1.jar:/Users/viniciusrodrigues/.m2/repository/org/xmlunit/xmlunit-core/2.10.0/xmlunit-core-2.10.0.jar:/Users/viniciusrodrigues/.m2/repository/io/projectreactor/reactor-test/3.7.4/reactor-test-3.7.4.jar:/Users/viniciusrodrigues/.m2/repository/io/projectreactor/reactor-core/3.7.4/reactor-core-3.7.4.jar:/Users/viniciusrodrigues/.m2/repository/org/reactivestreams/reactive-streams/1.0.4/reactive-streams-1.0.4.jar:"/>
    <property name="sun.cpu.endian" value="little"/>
    <property name="user.home" value="/Users/viniciusrodrigues"/>
    <property name="user.language" value="en"/>
    <property name="java.specification.vendor" value="Oracle Corporation"/>
    <property name="java.version.date" value="2025-04-15"/>
    <property name="java.home" value="/Users/viniciusrodrigues/Library/Java/JavaVirtualMachines/temurin-17.0.15/Contents/Home"/>
    <property name="file.separator" value="/"/>
    <property name="basedir" value="/Users/viniciusrodrigues/Documents/Projects/EasyMenu/backend"/>
    <property name="java.vm.compressedOopsMode" value="Zero based"/>
    <property name="line.separator" value="&#10;"/>
    <property name="java.vm.specification.vendor" value="Oracle Corporation"/>
    <property name="java.specification.name" value="Java Platform API Specification"/>
    <property name="FILE_LOG_CHARSET" value="UTF-8"/>
    <property name="java.awt.headless" value="true"/>
    <property name="surefire.real.class.path" value="/Users/viniciusrodrigues/Documents/Projects/EasyMenu/backend/target/surefire/surefirebooter-20250712164052508_3.jar"/>
    <property name="polyglot.engine.WarnInterpreterOnly" value="false"/>
    <property name="sun.management.compiler" value="HotSpot 64-Bit Tiered Compilers"/>
    <property name="ftp.nonProxyHosts" value="local|*.local|169.254/16|*.169.254/16"/>
    <property name="java.runtime.version" value="17.0.15+6"/>
    <property name="user.name" value="viniciusrodrigues"/>
    <property name="path.separator" value=":"/>
    <property name="os.version" value="15.5"/>
    <property name="java.runtime.name" value="OpenJDK Runtime Environment"/>
    <property name="file.encoding" value="UTF-8"/>
    <property name="java.vm.name" value="OpenJDK 64-Bit Server VM"/>
    <property name="java.vendor.version" value="Temurin-17.0.15+6"/>
    <property name="localRepository" value="/Users/viniciusrodrigues/.m2/repository"/>
    <property name="java.vendor.url.bug" value="https://github.com/adoptium/adoptium-support/issues"/>
    <property name="java.io.tmpdir" value="/var/folders/vq/gqjcr87j7m30qz7l5rp_vs1c0000gn/T/"/>
    <property name="com.zaxxer.hikari.pool_number" value="13"/>
    <property name="java.version" value="17.0.15"/>
    <property name="user.dir" value="/Users/viniciusrodrigues/Documents/Projects/EasyMenu/backend"/>
    <property name="os.arch" value="aarch64"/>
    <property name="java.vm.specification.name" value="Java Virtual Machine Specification"/>
    <property name="PID" value="84835"/>
    <property name="CONSOLE_LOG_CHARSET" value="UTF-8"/>
    <property name="native.encoding" value="UTF-8"/>
    <property name="java.library.path" value="/Users/viniciusrodrigues/Library/Java/Extensions:/Library/Java/Extensions:/Network/Library/Java/Extensions:/System/Library/Java/Extensions:/usr/lib/java:."/>
    <property name="java.vm.info" value="mixed mode, sharing"/>
    <property name="java.vendor" value="Eclipse Adoptium"/>
    <property name="java.vm.version" value="17.0.15+6"/>
    <property name="java.specification.maintenance.version" value="1"/>
    <property name="sun.io.unicode.encoding" value="UnicodeBig"/>
    <property name="socksNonProxyHosts" value="local|*.local|169.254/16|*.169.254/16"/>
    <property name="java.class.version" value="61.0"/>
  </properties>
  <testcase name="testCreateProduct" classname="com.easymenu.product.ProductControllerTest" time="0.063">
    <system-out><![CDATA[2025-07-12T16:40:58.139+08:00  INFO 84835 --- [           main] t.c.s.AnnotationConfigContextLoaderUtils : Could not detect default configuration classes for test class [com.easymenu.product.ProductControllerTest]: ProductControllerTest does not declare any static, non-private, non-final, nested classes annotated with @Configuration.
2025-07-12T16:40:58.143+08:00  INFO 84835 --- [           main] .b.t.c.SpringBootTestContextBootstrapper : Found @SpringBootConfiguration com.easymenu.EasyMenuApplication for test class com.easymenu.product.ProductControllerTest
2025-07-12T16:40:58.144+08:00  INFO 84835 --- [           main] o.s.b.d.r.RestartApplicationListener     : Restart disabled due to context in which it is running

  .   ____          _            __ _ _
 /\\ / ___'_ __ _ _(_)_ __  __ _ \ \ \ \
( ( )\___ | '_ | '_| | '_ \/ _` | \ \ \ \
 \\/  ___)| |_)| | | | | || (_| |  ) ) ) )
  '  |____| .__|_| |_|_| |_\__, | / / / /
 =========|_|==============|___/=/_/_/_/

 :: Spring Boot ::                (v3.4.4)

2025-07-12T16:40:58.151+08:00  INFO 84835 --- [           main] c.e.product.ProductControllerTest        : Starting ProductControllerTest using Java 17.0.15 with PID 84835 (started by viniciusrodrigues in /Users/viniciusrodrigues/Documents/Projects/EasyMenu/backend)
2025-07-12T16:40:58.151+08:00  INFO 84835 --- [           main] c.e.product.ProductControllerTest        : The following 1 profile is active: "local"
2025-07-12T16:40:58.208+08:00  INFO 84835 --- [           main] .s.d.r.c.RepositoryConfigurationDelegate : Bootstrapping Spring Data JPA repositories in DEFAULT mode.
2025-07-12T16:40:58.213+08:00  INFO 84835 --- [           main] .s.d.r.c.RepositoryConfigurationDelegate : Finished Spring Data repository scanning in 4 ms. Found 3 JPA repository interfaces.
2025-07-12T16:40:58.260+08:00  INFO 84835 --- [           main] com.zaxxer.hikari.HikariDataSource       : HikariPool-9 - Starting...
2025-07-12T16:40:58.274+08:00  INFO 84835 --- [           main] com.zaxxer.hikari.pool.HikariPool        : HikariPool-9 - Added connection org.postgresql.jdbc.PgConnection@b395a52
2025-07-12T16:40:58.274+08:00  INFO 84835 --- [           main] com.zaxxer.hikari.HikariDataSource       : HikariPool-9 - Start completed.
2025-07-12T16:40:58.275+08:00  INFO 84835 --- [           main] org.flywaydb.core.FlywayExecutor         : Database: jdbc:postgresql://localhost:5432/easymenu_db (PostgreSQL 17.4)
2025-07-12T16:40:58.281+08:00  INFO 84835 --- [           main] o.f.core.internal.command.DbValidate     : Successfully validated 1 migration (execution time 00:00.001s)
2025-07-12T16:40:58.297+08:00  INFO 84835 --- [           main] o.f.core.internal.command.DbMigrate      : Current version of schema "public": 1
2025-07-12T16:40:58.297+08:00  INFO 84835 --- [           main] o.f.core.internal.command.DbMigrate      : Schema "public" is up to date. No migration necessary.
2025-07-12T16:40:58.304+08:00  INFO 84835 --- [           main] o.hibernate.jpa.internal.util.LogHelper  : HHH000204: Processing PersistenceUnitInfo [name: default]
2025-07-12T16:40:58.304+08:00  INFO 84835 --- [           main] o.h.c.internal.RegionFactoryInitiator    : HHH000026: Second-level cache disabled
2025-07-12T16:40:58.306+08:00  INFO 84835 --- [           main] o.s.o.j.p.SpringPersistenceUnitInfo      : No LoadTimeWeaver setup: ignoring JPA class transformer
2025-07-12T16:40:58.308+08:00  WARN 84835 --- [           main] org.hibernate.orm.deprecation            : HHH90000025: PostgreSQLDialect does not need to be specified explicitly using 'hibernate.dialect' (remove the property setting and it will be selected by default)
2025-07-12T16:40:58.309+08:00  INFO 84835 --- [           main] org.hibernate.orm.connections.pooling    : HHH10001005: Database info:
	Database JDBC URL [Connecting through datasource 'HikariDataSource (HikariPool-9)']
	Database driver: undefined/unknown
	Database version: 17.4
	Autocommit mode: undefined/unknown
	Isolation level: undefined/unknown
	Minimum pool size: undefined/unknown
	Maximum pool size: undefined/unknown
2025-07-12T16:40:58.328+08:00  INFO 84835 --- [           main] o.h.e.t.j.p.i.JtaPlatformInitiator       : HHH000489: No JTA platform available (set 'hibernate.transaction.jta.platform' to enable JTA platform integration)
2025-07-12T16:40:58.328+08:00  INFO 84835 --- [           main] j.LocalContainerEntityManagerFactoryBean : Initialized JPA EntityManagerFactory for persistence unit 'default'
2025-07-12T16:40:58.341+08:00  INFO 84835 --- [           main] r$InitializeUserDetailsManagerConfigurer : Global AuthenticationManager configured with UserDetailsService bean with name userDetailsServiceImpl
2025-07-12T16:40:58.368+08:00  WARN 84835 --- [           main] JpaBaseConfiguration$JpaWebConfiguration : spring.jpa.open-in-view is enabled by default. Therefore, database queries may be performed during view rendering. Explicitly configure spring.jpa.open-in-view to disable this warning
2025-07-12T16:40:58.396+08:00 DEBUG 84835 --- [           main] o.s.s.web.DefaultSecurityFilterChain     : Will secure any request with filters: DisableEncodeUrlFilter, WebAsyncManagerIntegrationFilter, SecurityContextHolderFilter, HeaderWriterFilter, LogoutFilter, SecurityFilter, RequestCacheAwareFilter, SecurityContextHolderAwareRequestFilter, AnonymousAuthenticationFilter, SessionManagementFilter, ExceptionTranslationFilter, AuthorizationFilter
2025-07-12T16:40:58.440+08:00  INFO 84835 --- [           main] o.s.b.t.m.w.SpringBootMockServletContext : Initializing Spring TestDispatcherServlet ''
2025-07-12T16:40:58.440+08:00  INFO 84835 --- [           main] o.s.t.web.servlet.TestDispatcherServlet  : Initializing Servlet ''
2025-07-12T16:40:58.440+08:00  INFO 84835 --- [           main] o.s.t.web.servlet.TestDispatcherServlet  : Completed initialization in 0 ms
2025-07-12T16:40:58.444+08:00  INFO 84835 --- [           main] c.e.product.ProductControllerTest        : Started ProductControllerTest in 0.3 seconds (process running for 5.896)
2025-07-12T16:40:58.449+08:00 DEBUG 84835 --- [           main] o.s.security.web.FilterChainProxy        : Securing POST /products
2025-07-12T16:40:58.450+08:00 DEBUG 84835 --- [           main] o.s.security.web.FilterChainProxy        : Secured POST /products
2025-07-12T16:40:58.482+08:00  INFO 84835 --- [           main] j.LocalContainerEntityManagerFactoryBean : Closing JPA EntityManagerFactory for persistence unit 'default'
2025-07-12T16:40:58.482+08:00  INFO 84835 --- [           main] com.zaxxer.hikari.HikariDataSource       : HikariPool-9 - Shutdown initiated...
2025-07-12T16:40:58.508+08:00  INFO 84835 --- [           main] com.zaxxer.hikari.HikariDataSource       : HikariPool-9 - Shutdown completed.
]]></system-out>
  </testcase>
  <testcase name="testFindById" classname="com.easymenu.product.ProductControllerTest" time="0.025">
    <system-out><![CDATA[2025-07-12T16:40:58.509+08:00  INFO 84835 --- [           main] o.s.b.d.r.RestartApplicationListener     : Restart disabled due to context in which it is running

  .   ____          _            __ _ _
 /\\ / ___'_ __ _ _(_)_ __  __ _ \ \ \ \
( ( )\___ | '_ | '_| | '_ \/ _` | \ \ \ \
 \\/  ___)| |_)| | | | | || (_| |  ) ) ) )
  '  |____| .__|_| |_|_| |_\__, | / / / /
 =========|_|==============|___/=/_/_/_/

 :: Spring Boot ::                (v3.4.4)

2025-07-12T16:40:58.516+08:00  INFO 84835 --- [           main] c.e.product.ProductControllerTest        : Starting ProductControllerTest using Java 17.0.15 with PID 84835 (started by viniciusrodrigues in /Users/viniciusrodrigues/Documents/Projects/EasyMenu/backend)
2025-07-12T16:40:58.516+08:00  INFO 84835 --- [           main] c.e.product.ProductControllerTest        : The following 1 profile is active: "local"
2025-07-12T16:40:58.572+08:00  INFO 84835 --- [           main] .s.d.r.c.RepositoryConfigurationDelegate : Bootstrapping Spring Data JPA repositories in DEFAULT mode.
2025-07-12T16:40:58.576+08:00  INFO 84835 --- [           main] .s.d.r.c.RepositoryConfigurationDelegate : Finished Spring Data repository scanning in 4 ms. Found 3 JPA repository interfaces.
2025-07-12T16:40:58.606+08:00  INFO 84835 --- [           main] com.zaxxer.hikari.HikariDataSource       : HikariPool-10 - Starting...
2025-07-12T16:40:58.617+08:00  INFO 84835 --- [           main] com.zaxxer.hikari.pool.HikariPool        : HikariPool-10 - Added connection org.postgresql.jdbc.PgConnection@67aad9da
2025-07-12T16:40:58.617+08:00  INFO 84835 --- [           main] com.zaxxer.hikari.HikariDataSource       : HikariPool-10 - Start completed.
2025-07-12T16:40:58.618+08:00  INFO 84835 --- [           main] org.flywaydb.core.FlywayExecutor         : Database: jdbc:postgresql://localhost:5432/easymenu_db (PostgreSQL 17.4)
2025-07-12T16:40:58.623+08:00  INFO 84835 --- [           main] o.f.core.internal.command.DbValidate     : Successfully validated 1 migration (execution time 00:00.002s)
2025-07-12T16:40:58.637+08:00  INFO 84835 --- [           main] o.f.core.internal.command.DbMigrate      : Current version of schema "public": 1
2025-07-12T16:40:58.637+08:00  INFO 84835 --- [           main] o.f.core.internal.command.DbMigrate      : Schema "public" is up to date. No migration necessary.
2025-07-12T16:40:58.644+08:00  INFO 84835 --- [           main] o.hibernate.jpa.internal.util.LogHelper  : HHH000204: Processing PersistenceUnitInfo [name: default]
2025-07-12T16:40:58.644+08:00  INFO 84835 --- [           main] o.h.c.internal.RegionFactoryInitiator    : HHH000026: Second-level cache disabled
2025-07-12T16:40:58.647+08:00  INFO 84835 --- [           main] o.s.o.j.p.SpringPersistenceUnitInfo      : No LoadTimeWeaver setup: ignoring JPA class transformer
2025-07-12T16:40:58.649+08:00  WARN 84835 --- [           main] org.hibernate.orm.deprecation            : HHH90000025: PostgreSQLDialect does not need to be specified explicitly using 'hibernate.dialect' (remove the property setting and it will be selected by default)
2025-07-12T16:40:58.649+08:00  INFO 84835 --- [           main] org.hibernate.orm.connections.pooling    : HHH10001005: Database info:
	Database JDBC URL [Connecting through datasource 'HikariDataSource (HikariPool-10)']
	Database driver: undefined/unknown
	Database version: 17.4
	Autocommit mode: undefined/unknown
	Isolation level: undefined/unknown
	Minimum pool size: undefined/unknown
	Maximum pool size: undefined/unknown
2025-07-12T16:40:58.668+08:00  INFO 84835 --- [           main] o.h.e.t.j.p.i.JtaPlatformInitiator       : HHH000489: No JTA platform available (set 'hibernate.transaction.jta.platform' to enable JTA platform integration)
2025-07-12T16:40:58.668+08:00  INFO 84835 --- [           main] j.LocalContainerEntityManagerFactoryBean : Initialized JPA EntityManagerFactory for persistence unit 'default'
2025-07-12T16:40:58.680+08:00  INFO 84835 --- [           main] r$InitializeUserDetailsManagerConfigurer : Global AuthenticationManager configured with UserDetailsService bean with name userDetailsServiceImpl
2025-07-12T16:40:58.705+08:00  WARN 84835 --- [           main] JpaBaseConfiguration$JpaWebConfiguration : spring.jpa.open-in-view is enabled by default. Therefore, database queries may be performed during view rendering. Explicitly configure spring.jpa.open-in-view to disable this warning
2025-07-12T16:40:58.736+08:00 DEBUG 84835 --- [           main] o.s.s.web.DefaultSecurityFilterChain     : Will secure any request with filters: DisableEncodeUrlFilter, WebAsyncManagerIntegrationFilter, SecurityContextHolderFilter, HeaderWriterFilter, LogoutFilter, SecurityFilter, RequestCacheAwareFilter, SecurityContextHolderAwareRequestFilter, AnonymousAuthenticationFilter, SessionManagementFilter, ExceptionTranslationFilter, AuthorizationFilter
2025-07-12T16:40:58.781+08:00  INFO 84835 --- [           main] o.s.b.t.m.w.SpringBootMockServletContext : Initializing Spring TestDispatcherServlet ''
2025-07-12T16:40:58.781+08:00  INFO 84835 --- [           main] o.s.t.web.servlet.TestDispatcherServlet  : Initializing Servlet ''
2025-07-12T16:40:58.782+08:00  INFO 84835 --- [           main] o.s.t.web.servlet.TestDispatcherServlet  : Completed initialization in 1 ms
2025-07-12T16:40:58.786+08:00  INFO 84835 --- [           main] c.e.product.ProductControllerTest        : Started ProductControllerTest in 0.277 seconds (process running for 6.238)
2025-07-12T16:40:58.789+08:00 DEBUG 84835 --- [           main] o.s.security.web.FilterChainProxy        : Securing GET /products/b9ad37df-070c-4e29-a62d-c50199f296a4
2025-07-12T16:40:58.789+08:00 DEBUG 84835 --- [           main] o.s.security.web.FilterChainProxy        : Secured GET /products/b9ad37df-070c-4e29-a62d-c50199f296a4
2025-07-12T16:40:58.793+08:00  INFO 84835 --- [           main] j.LocalContainerEntityManagerFactoryBean : Closing JPA EntityManagerFactory for persistence unit 'default'
2025-07-12T16:40:58.793+08:00  INFO 84835 --- [           main] com.zaxxer.hikari.HikariDataSource       : HikariPool-10 - Shutdown initiated...
2025-07-12T16:40:58.812+08:00  INFO 84835 --- [           main] com.zaxxer.hikari.HikariDataSource       : HikariPool-10 - Shutdown completed.
]]></system-out>
  </testcase>
  <testcase name="testProductNotFound" classname="com.easymenu.product.ProductControllerTest" time="0.014">
    <system-out><![CDATA[2025-07-12T16:40:58.813+08:00  INFO 84835 --- [           main] o.s.b.d.r.RestartApplicationListener     : Restart disabled due to context in which it is running

  .   ____          _            __ _ _
 /\\ / ___'_ __ _ _(_)_ __  __ _ \ \ \ \
( ( )\___ | '_ | '_| | '_ \/ _` | \ \ \ \
 \\/  ___)| |_)| | | | | || (_| |  ) ) ) )
  '  |____| .__|_| |_|_| |_\__, | / / / /
 =========|_|==============|___/=/_/_/_/

 :: Spring Boot ::                (v3.4.4)

2025-07-12T16:40:58.819+08:00  INFO 84835 --- [           main] c.e.product.ProductControllerTest        : Starting ProductControllerTest using Java 17.0.15 with PID 84835 (started by viniciusrodrigues in /Users/viniciusrodrigues/Documents/Projects/EasyMenu/backend)
2025-07-12T16:40:58.819+08:00  INFO 84835 --- [           main] c.e.product.ProductControllerTest        : The following 1 profile is active: "local"
2025-07-12T16:40:58.877+08:00  INFO 84835 --- [           main] .s.d.r.c.RepositoryConfigurationDelegate : Bootstrapping Spring Data JPA repositories in DEFAULT mode.
2025-07-12T16:40:58.882+08:00  INFO 84835 --- [           main] .s.d.r.c.RepositoryConfigurationDelegate : Finished Spring Data repository scanning in 3 ms. Found 3 JPA repository interfaces.
2025-07-12T16:40:58.912+08:00  INFO 84835 --- [           main] com.zaxxer.hikari.HikariDataSource       : HikariPool-11 - Starting...
2025-07-12T16:40:58.921+08:00  INFO 84835 --- [           main] com.zaxxer.hikari.pool.HikariPool        : HikariPool-11 - Added connection org.postgresql.jdbc.PgConnection@7b87e89d
2025-07-12T16:40:58.922+08:00  INFO 84835 --- [           main] com.zaxxer.hikari.HikariDataSource       : HikariPool-11 - Start completed.
2025-07-12T16:40:58.922+08:00  INFO 84835 --- [           main] org.flywaydb.core.FlywayExecutor         : Database: jdbc:postgresql://localhost:5432/easymenu_db (PostgreSQL 17.4)
2025-07-12T16:40:58.929+08:00  INFO 84835 --- [           main] o.f.core.internal.command.DbValidate     : Successfully validated 1 migration (execution time 00:00.002s)
2025-07-12T16:40:58.943+08:00  INFO 84835 --- [           main] o.f.core.internal.command.DbMigrate      : Current version of schema "public": 1
2025-07-12T16:40:58.943+08:00  INFO 84835 --- [           main] o.f.core.internal.command.DbMigrate      : Schema "public" is up to date. No migration necessary.
2025-07-12T16:40:58.949+08:00  INFO 84835 --- [           main] o.hibernate.jpa.internal.util.LogHelper  : HHH000204: Processing PersistenceUnitInfo [name: default]
2025-07-12T16:40:58.950+08:00  INFO 84835 --- [           main] o.h.c.internal.RegionFactoryInitiator    : HHH000026: Second-level cache disabled
2025-07-12T16:40:58.952+08:00  INFO 84835 --- [           main] o.s.o.j.p.SpringPersistenceUnitInfo      : No LoadTimeWeaver setup: ignoring JPA class transformer
2025-07-12T16:40:58.954+08:00  WARN 84835 --- [           main] org.hibernate.orm.deprecation            : HHH90000025: PostgreSQLDialect does not need to be specified explicitly using 'hibernate.dialect' (remove the property setting and it will be selected by default)
2025-07-12T16:40:58.954+08:00  INFO 84835 --- [           main] org.hibernate.orm.connections.pooling    : HHH10001005: Database info:
	Database JDBC URL [Connecting through datasource 'HikariDataSource (HikariPool-11)']
	Database driver: undefined/unknown
	Database version: 17.4
	Autocommit mode: undefined/unknown
	Isolation level: undefined/unknown
	Minimum pool size: undefined/unknown
	Maximum pool size: undefined/unknown
2025-07-12T16:40:58.976+08:00  INFO 84835 --- [           main] o.h.e.t.j.p.i.JtaPlatformInitiator       : HHH000489: No JTA platform available (set 'hibernate.transaction.jta.platform' to enable JTA platform integration)
2025-07-12T16:40:58.976+08:00  INFO 84835 --- [           main] j.LocalContainerEntityManagerFactoryBean : Initialized JPA EntityManagerFactory for persistence unit 'default'
2025-07-12T16:40:58.994+08:00  INFO 84835 --- [           main] r$InitializeUserDetailsManagerConfigurer : Global AuthenticationManager configured with UserDetailsService bean with name userDetailsServiceImpl
2025-07-12T16:40:59.025+08:00  WARN 84835 --- [           main] JpaBaseConfiguration$JpaWebConfiguration : spring.jpa.open-in-view is enabled by default. Therefore, database queries may be performed during view rendering. Explicitly configure spring.jpa.open-in-view to disable this warning
2025-07-12T16:40:59.054+08:00 DEBUG 84835 --- [           main] o.s.s.web.DefaultSecurityFilterChain     : Will secure any request with filters: DisableEncodeUrlFilter, WebAsyncManagerIntegrationFilter, SecurityContextHolderFilter, HeaderWriterFilter, LogoutFilter, SecurityFilter, RequestCacheAwareFilter, SecurityContextHolderAwareRequestFilter, AnonymousAuthenticationFilter, SessionManagementFilter, ExceptionTranslationFilter, AuthorizationFilter
2025-07-12T16:40:59.095+08:00  INFO 84835 --- [           main] o.s.b.t.m.w.SpringBootMockServletContext : Initializing Spring TestDispatcherServlet ''
2025-07-12T16:40:59.095+08:00  INFO 84835 --- [           main] o.s.t.web.servlet.TestDispatcherServlet  : Initializing Servlet ''
2025-07-12T16:40:59.095+08:00  INFO 84835 --- [           main] o.s.t.web.servlet.TestDispatcherServlet  : Completed initialization in 0 ms
2025-07-12T16:40:59.099+08:00  INFO 84835 --- [           main] c.e.product.ProductControllerTest        : Started ProductControllerTest in 0.286 seconds (process running for 6.551)
2025-07-12T16:40:59.101+08:00 DEBUG 84835 --- [           main] o.s.security.web.FilterChainProxy        : Securing GET /products/f81ee692-298a-41cb-b7e3-99ed8fc16f37
2025-07-12T16:40:59.101+08:00 DEBUG 84835 --- [           main] o.s.security.web.FilterChainProxy        : Secured GET /products/f81ee692-298a-41cb-b7e3-99ed8fc16f37
2025-07-12T16:40:59.105+08:00  INFO 84835 --- [           main] j.LocalContainerEntityManagerFactoryBean : Closing JPA EntityManagerFactory for persistence unit 'default'
2025-07-12T16:40:59.105+08:00  INFO 84835 --- [           main] com.zaxxer.hikari.HikariDataSource       : HikariPool-11 - Shutdown initiated...
2025-07-12T16:40:59.113+08:00  INFO 84835 --- [           main] com.zaxxer.hikari.HikariDataSource       : HikariPool-11 - Shutdown completed.
]]></system-out>
  </testcase>
  <testcase name="testInvalidInput" classname="com.easymenu.product.ProductControllerTest" time="0.048">
    <system-out><![CDATA[2025-07-12T16:40:59.114+08:00  INFO 84835 --- [           main] o.s.b.d.r.RestartApplicationListener     : Restart disabled due to context in which it is running

  .   ____          _            __ _ _
 /\\ / ___'_ __ _ _(_)_ __  __ _ \ \ \ \
( ( )\___ | '_ | '_| | '_ \/ _` | \ \ \ \
 \\/  ___)| |_)| | | | | || (_| |  ) ) ) )
  '  |____| .__|_| |_|_| |_\__, | / / / /
 =========|_|==============|___/=/_/_/_/

 :: Spring Boot ::                (v3.4.4)

2025-07-12T16:40:59.120+08:00  INFO 84835 --- [           main] c.e.product.ProductControllerTest        : Starting ProductControllerTest using Java 17.0.15 with PID 84835 (started by viniciusrodrigues in /Users/viniciusrodrigues/Documents/Projects/EasyMenu/backend)
2025-07-12T16:40:59.120+08:00  INFO 84835 --- [           main] c.e.product.ProductControllerTest        : The following 1 profile is active: "local"
2025-07-12T16:40:59.171+08:00  INFO 84835 --- [           main] .s.d.r.c.RepositoryConfigurationDelegate : Bootstrapping Spring Data JPA repositories in DEFAULT mode.
2025-07-12T16:40:59.175+08:00  INFO 84835 --- [           main] .s.d.r.c.RepositoryConfigurationDelegate : Finished Spring Data repository scanning in 3 ms. Found 3 JPA repository interfaces.
2025-07-12T16:40:59.201+08:00  INFO 84835 --- [           main] com.zaxxer.hikari.HikariDataSource       : HikariPool-12 - Starting...
2025-07-12T16:40:59.211+08:00  INFO 84835 --- [           main] com.zaxxer.hikari.pool.HikariPool        : HikariPool-12 - Added connection org.postgresql.jdbc.PgConnection@662f0405
2025-07-12T16:40:59.211+08:00  INFO 84835 --- [           main] com.zaxxer.hikari.HikariDataSource       : HikariPool-12 - Start completed.
2025-07-12T16:40:59.212+08:00  INFO 84835 --- [           main] org.flywaydb.core.FlywayExecutor         : Database: jdbc:postgresql://localhost:5432/easymenu_db (PostgreSQL 17.4)
2025-07-12T16:40:59.218+08:00  INFO 84835 --- [           main] o.f.core.internal.command.DbValidate     : Successfully validated 1 migration (execution time 00:00.002s)
2025-07-12T16:40:59.230+08:00  INFO 84835 --- [           main] o.f.core.internal.command.DbMigrate      : Current version of schema "public": 1
2025-07-12T16:40:59.230+08:00  INFO 84835 --- [           main] o.f.core.internal.command.DbMigrate      : Schema "public" is up to date. No migration necessary.
2025-07-12T16:40:59.236+08:00  INFO 84835 --- [           main] o.hibernate.jpa.internal.util.LogHelper  : HHH000204: Processing PersistenceUnitInfo [name: default]
2025-07-12T16:40:59.236+08:00  INFO 84835 --- [           main] o.h.c.internal.RegionFactoryInitiator    : HHH000026: Second-level cache disabled
2025-07-12T16:40:59.238+08:00  INFO 84835 --- [           main] o.s.o.j.p.SpringPersistenceUnitInfo      : No LoadTimeWeaver setup: ignoring JPA class transformer
2025-07-12T16:40:59.240+08:00  WARN 84835 --- [           main] org.hibernate.orm.deprecation            : HHH90000025: PostgreSQLDialect does not need to be specified explicitly using 'hibernate.dialect' (remove the property setting and it will be selected by default)
2025-07-12T16:40:59.240+08:00  INFO 84835 --- [           main] org.hibernate.orm.connections.pooling    : HHH10001005: Database info:
	Database JDBC URL [Connecting through datasource 'HikariDataSource (HikariPool-12)']
	Database driver: undefined/unknown
	Database version: 17.4
	Autocommit mode: undefined/unknown
	Isolation level: undefined/unknown
	Minimum pool size: undefined/unknown
	Maximum pool size: undefined/unknown
2025-07-12T16:40:59.259+08:00  INFO 84835 --- [           main] o.h.e.t.j.p.i.JtaPlatformInitiator       : HHH000489: No JTA platform available (set 'hibernate.transaction.jta.platform' to enable JTA platform integration)
2025-07-12T16:40:59.259+08:00  INFO 84835 --- [           main] j.LocalContainerEntityManagerFactoryBean : Initialized JPA EntityManagerFactory for persistence unit 'default'
2025-07-12T16:40:59.269+08:00  INFO 84835 --- [           main] r$InitializeUserDetailsManagerConfigurer : Global AuthenticationManager configured with UserDetailsService bean with name userDetailsServiceImpl
2025-07-12T16:40:59.290+08:00  WARN 84835 --- [           main] JpaBaseConfiguration$JpaWebConfiguration : spring.jpa.open-in-view is enabled by default. Therefore, database queries may be performed during view rendering. Explicitly configure spring.jpa.open-in-view to disable this warning
2025-07-12T16:40:59.312+08:00 DEBUG 84835 --- [           main] o.s.s.web.DefaultSecurityFilterChain     : Will secure any request with filters: DisableEncodeUrlFilter, WebAsyncManagerIntegrationFilter, SecurityContextHolderFilter, HeaderWriterFilter, LogoutFilter, SecurityFilter, RequestCacheAwareFilter, SecurityContextHolderAwareRequestFilter, AnonymousAuthenticationFilter, SessionManagementFilter, ExceptionTranslationFilter, AuthorizationFilter
2025-07-12T16:40:59.349+08:00  INFO 84835 --- [           main] o.s.b.t.m.w.SpringBootMockServletContext : Initializing Spring TestDispatcherServlet ''
2025-07-12T16:40:59.349+08:00  INFO 84835 --- [           main] o.s.t.web.servlet.TestDispatcherServlet  : Initializing Servlet ''
2025-07-12T16:40:59.350+08:00  INFO 84835 --- [           main] o.s.t.web.servlet.TestDispatcherServlet  : Completed initialization in 1 ms
2025-07-12T16:40:59.353+08:00  INFO 84835 --- [           main] c.e.product.ProductControllerTest        : Started ProductControllerTest in 0.239 seconds (process running for 6.805)
2025-07-12T16:40:59.356+08:00 DEBUG 84835 --- [           main] o.s.security.web.FilterChainProxy        : Securing POST /products
2025-07-12T16:40:59.356+08:00 DEBUG 84835 --- [           main] o.s.security.web.FilterChainProxy        : Secured POST /products
2025-07-12T16:40:59.373+08:00  INFO 84835 --- [           main] j.LocalContainerEntityManagerFactoryBean : Closing JPA EntityManagerFactory for persistence unit 'default'
2025-07-12T16:40:59.373+08:00  INFO 84835 --- [           main] com.zaxxer.hikari.HikariDataSource       : HikariPool-12 - Shutdown initiated...
2025-07-12T16:40:59.402+08:00  INFO 84835 --- [           main] com.zaxxer.hikari.HikariDataSource       : HikariPool-12 - Shutdown completed.
]]></system-out>
  </testcase>
  <testcase name="testValidSearch" classname="com.easymenu.product.ProductControllerTest" time="0.051">
    <system-out><![CDATA[2025-07-12T16:40:59.403+08:00  INFO 84835 --- [           main] o.s.b.d.r.RestartApplicationListener     : Restart disabled due to context in which it is running

  .   ____          _            __ _ _
 /\\ / ___'_ __ _ _(_)_ __  __ _ \ \ \ \
( ( )\___ | '_ | '_| | '_ \/ _` | \ \ \ \
 \\/  ___)| |_)| | | | | || (_| |  ) ) ) )
  '  |____| .__|_| |_|_| |_\__, | / / / /
 =========|_|==============|___/=/_/_/_/

 :: Spring Boot ::                (v3.4.4)

2025-07-12T16:40:59.409+08:00  INFO 84835 --- [           main] c.e.product.ProductControllerTest        : Starting ProductControllerTest using Java 17.0.15 with PID 84835 (started by viniciusrodrigues in /Users/viniciusrodrigues/Documents/Projects/EasyMenu/backend)
2025-07-12T16:40:59.409+08:00  INFO 84835 --- [           main] c.e.product.ProductControllerTest        : The following 1 profile is active: "local"
2025-07-12T16:40:59.458+08:00  INFO 84835 --- [           main] .s.d.r.c.RepositoryConfigurationDelegate : Bootstrapping Spring Data JPA repositories in DEFAULT mode.
2025-07-12T16:40:59.462+08:00  INFO 84835 --- [           main] .s.d.r.c.RepositoryConfigurationDelegate : Finished Spring Data repository scanning in 3 ms. Found 3 JPA repository interfaces.
2025-07-12T16:40:59.486+08:00  INFO 84835 --- [           main] com.zaxxer.hikari.HikariDataSource       : HikariPool-13 - Starting...
2025-07-12T16:40:59.497+08:00  INFO 84835 --- [           main] com.zaxxer.hikari.pool.HikariPool        : HikariPool-13 - Added connection org.postgresql.jdbc.PgConnection@d637f8c
2025-07-12T16:40:59.497+08:00  INFO 84835 --- [           main] com.zaxxer.hikari.HikariDataSource       : HikariPool-13 - Start completed.
2025-07-12T16:40:59.498+08:00  INFO 84835 --- [           main] org.flywaydb.core.FlywayExecutor         : Database: jdbc:postgresql://localhost:5432/easymenu_db (PostgreSQL 17.4)
2025-07-12T16:40:59.504+08:00  INFO 84835 --- [           main] o.f.core.internal.command.DbValidate     : Successfully validated 1 migration (execution time 00:00.002s)
2025-07-12T16:40:59.517+08:00  INFO 84835 --- [           main] o.f.core.internal.command.DbMigrate      : Current version of schema "public": 1
2025-07-12T16:40:59.518+08:00  INFO 84835 --- [           main] o.f.core.internal.command.DbMigrate      : Schema "public" is up to date. No migration necessary.
2025-07-12T16:40:59.523+08:00  INFO 84835 --- [           main] o.hibernate.jpa.internal.util.LogHelper  : HHH000204: Processing PersistenceUnitInfo [name: default]
2025-07-12T16:40:59.524+08:00  INFO 84835 --- [           main] o.h.c.internal.RegionFactoryInitiator    : HHH000026: Second-level cache disabled
2025-07-12T16:40:59.526+08:00  INFO 84835 --- [           main] o.s.o.j.p.SpringPersistenceUnitInfo      : No LoadTimeWeaver setup: ignoring JPA class transformer
2025-07-12T16:40:59.528+08:00  WARN 84835 --- [           main] org.hibernate.orm.deprecation            : HHH90000025: PostgreSQLDialect does not need to be specified explicitly using 'hibernate.dialect' (remove the property setting and it will be selected by default)
2025-07-12T16:40:59.529+08:00  INFO 84835 --- [           main] org.hibernate.orm.connections.pooling    : HHH10001005: Database info:
	Database JDBC URL [Connecting through datasource 'HikariDataSource (HikariPool-13)']
	Database driver: undefined/unknown
	Database version: 17.4
	Autocommit mode: undefined/unknown
	Isolation level: undefined/unknown
	Minimum pool size: undefined/unknown
	Maximum pool size: undefined/unknown
2025-07-12T16:40:59.549+08:00  INFO 84835 --- [           main] o.h.e.t.j.p.i.JtaPlatformInitiator       : HHH000489: No JTA platform available (set 'hibernate.transaction.jta.platform' to enable JTA platform integration)
2025-07-12T16:40:59.549+08:00  INFO 84835 --- [           main] j.LocalContainerEntityManagerFactoryBean : Initialized JPA EntityManagerFactory for persistence unit 'default'
2025-07-12T16:40:59.559+08:00  INFO 84835 --- [           main] r$InitializeUserDetailsManagerConfigurer : Global AuthenticationManager configured with UserDetailsService bean with name userDetailsServiceImpl
2025-07-12T16:40:59.578+08:00  WARN 84835 --- [           main] JpaBaseConfiguration$JpaWebConfiguration : spring.jpa.open-in-view is enabled by default. Therefore, database queries may be performed during view rendering. Explicitly configure spring.jpa.open-in-view to disable this warning
2025-07-12T16:40:59.600+08:00 DEBUG 84835 --- [           main] o.s.s.web.DefaultSecurityFilterChain     : Will secure any request with filters: DisableEncodeUrlFilter, WebAsyncManagerIntegrationFilter, SecurityContextHolderFilter, HeaderWriterFilter, LogoutFilter, SecurityFilter, RequestCacheAwareFilter, SecurityContextHolderAwareRequestFilter, AnonymousAuthenticationFilter, SessionManagementFilter, ExceptionTranslationFilter, AuthorizationFilter
2025-07-12T16:40:59.636+08:00  INFO 84835 --- [           main] o.s.b.t.m.w.SpringBootMockServletContext : Initializing Spring TestDispatcherServlet ''
2025-07-12T16:40:59.636+08:00  INFO 84835 --- [           main] o.s.t.web.servlet.TestDispatcherServlet  : Initializing Servlet ''
2025-07-12T16:40:59.636+08:00  INFO 84835 --- [           main] o.s.t.web.servlet.TestDispatcherServlet  : Completed initialization in 0 ms
2025-07-12T16:40:59.639+08:00  INFO 84835 --- [           main] c.e.product.ProductControllerTest        : Started ProductControllerTest in 0.236 seconds (process running for 7.091)
2025-07-12T16:40:59.643+08:00 DEBUG 84835 --- [           main] o.s.security.web.FilterChainProxy        : Securing POST /products/search
2025-07-12T16:40:59.643+08:00 DEBUG 84835 --- [           main] o.s.security.web.FilterChainProxy        : Secured POST /products/search
2025-07-12T16:40:59.649+08:00  INFO 84835 --- [           main] j.LocalContainerEntityManagerFactoryBean : Closing JPA EntityManagerFactory for persistence unit 'default'
2025-07-12T16:40:59.649+08:00  INFO 84835 --- [           main] com.zaxxer.hikari.HikariDataSource       : HikariPool-13 - Shutdown initiated...
2025-07-12T16:40:59.690+08:00  INFO 84835 --- [           main] com.zaxxer.hikari.HikariDataSource       : HikariPool-13 - Shutdown completed.
]]></system-out>
  </testcase>
</testsuite>