<?xml version="1.0" encoding="UTF-8"?>
<testsuite xmlns:xsi="http://www.w3.org/2001/XMLSchema-instance" xsi:noNamespaceSchemaLocation="https://maven.apache.org/surefire/maven-surefire-plugin/xsd/surefire-test-report.xsd" version="3.0.2" name="com.easymenu.product.ProductControllerTest" time="1.834" tests="5" errors="0" skipped="0" failures="0">
  <properties>
    <property name="java.specification.version" value="17"/>
    <property name="sun.jnu.encoding" value="UTF-8"/>
    <property name="java.class.path" value="/Users/viniciusrodrigues/Documents/Projects/EasyMenu/backend/target/test-classes:/Users/viniciusrodrigues/Documents/Projects/EasyMenu/backend/target/classes:/Users/viniciusrodrigues/.m2/repository/org/springframework/boot/spring-boot-starter-data-jpa/3.4.4/spring-boot-starter-data-jpa-3.4.4.jar:/Users/viniciusrodrigues/.m2/repository/org/springframework/boot/spring-boot-starter/3.4.4/spring-boot-starter-3.4.4.jar:/Users/viniciusrodrigues/.m2/repository/org/springframework/boot/spring-boot-starter-logging/3.4.4/spring-boot-starter-logging-3.4.4.jar:/Users/viniciusrodrigues/.m2/repository/ch/qos/logback/logback-classic/1.5.18/logback-classic-1.5.18.jar:/Users/viniciusrodrigues/.m2/repository/ch/qos/logback/logback-core/1.5.18/logback-core-1.5.18.jar:/Users/viniciusrodrigues/.m2/repository/org/apache/logging/log4j/log4j-to-slf4j/2.24.3/log4j-to-slf4j-2.24.3.jar:/Users/viniciusrodrigues/.m2/repository/org/apache/logging/log4j/log4j-api/2.24.3/log4j-api-2.24.3.jar:/Users/viniciusrodrigues/.m2/repository/org/slf4j/jul-to-slf4j/2.0.17/jul-to-slf4j-2.0.17.jar:/Users/viniciusrodrigues/.m2/repository/jakarta/annotation/jakarta.annotation-api/2.1.1/jakarta.annotation-api-2.1.1.jar:/Users/viniciusrodrigues/.m2/repository/org/yaml/snakeyaml/2.3/snakeyaml-2.3.jar:/Users/viniciusrodrigues/.m2/repository/org/springframework/boot/spring-boot-starter-jdbc/3.4.4/spring-boot-starter-jdbc-3.4.4.jar:/Users/viniciusrodrigues/.m2/repository/com/zaxxer/HikariCP/5.1.0/HikariCP-5.1.0.jar:/Users/viniciusrodrigues/.m2/repository/org/springframework/spring-jdbc/6.2.5/spring-jdbc-6.2.5.jar:/Users/viniciusrodrigues/.m2/repository/org/hibernate/orm/hibernate-core/6.6.11.Final/hibernate-core-6.6.11.Final.jar:/Users/viniciusrodrigues/.m2/repository/jakarta/persistence/jakarta.persistence-api/3.1.0/jakarta.persistence-api-3.1.0.jar:/Users/viniciusrodrigues/.m2/repository/jakarta/transaction/jakarta.transaction-api/2.0.1/jakarta.transaction-api-2.0.1.jar:/Users/viniciusrodrigues/.m2/repository/org/jboss/logging/jboss-logging/3.6.1.Final/jboss-logging-3.6.1.Final.jar:/Users/viniciusrodrigues/.m2/repository/org/hibernate/common/hibernate-commons-annotations/7.0.3.Final/hibernate-commons-annotations-7.0.3.Final.jar:/Users/viniciusrodrigues/.m2/repository/io/smallrye/jandex/3.2.0/jandex-3.2.0.jar:/Users/viniciusrodrigues/.m2/repository/com/fasterxml/classmate/1.7.0/classmate-1.7.0.jar:/Users/viniciusrodrigues/.m2/repository/net/bytebuddy/byte-buddy/1.15.11/byte-buddy-1.15.11.jar:/Users/viniciusrodrigues/.m2/repository/org/glassfish/jaxb/jaxb-runtime/4.0.5/jaxb-runtime-4.0.5.jar:/Users/viniciusrodrigues/.m2/repository/org/glassfish/jaxb/jaxb-core/4.0.5/jaxb-core-4.0.5.jar:/Users/viniciusrodrigues/.m2/repository/org/eclipse/angus/angus-activation/2.0.2/angus-activation-2.0.2.jar:/Users/viniciusrodrigues/.m2/repository/org/glassfish/jaxb/txw2/4.0.5/txw2-4.0.5.jar:/Users/viniciusrodrigues/.m2/repository/com/sun/istack/istack-commons-runtime/4.1.2/istack-commons-runtime-4.1.2.jar:/Users/viniciusrodrigues/.m2/repository/jakarta/inject/jakarta.inject-api/2.0.1/jakarta.inject-api-2.0.1.jar:/Users/viniciusrodrigues/.m2/repository/org/antlr/antlr4-runtime/4.13.0/antlr4-runtime-4.13.0.jar:/Users/viniciusrodrigues/.m2/repository/org/springframework/data/spring-data-jpa/3.4.4/spring-data-jpa-3.4.4.jar:/Users/viniciusrodrigues/.m2/repository/org/springframework/data/spring-data-commons/3.4.4/spring-data-commons-3.4.4.jar:/Users/viniciusrodrigues/.m2/repository/org/springframework/spring-orm/6.2.5/spring-orm-6.2.5.jar:/Users/viniciusrodrigues/.m2/repository/org/springframework/spring-tx/6.2.5/spring-tx-6.2.5.jar:/Users/viniciusrodrigues/.m2/repository/org/slf4j/slf4j-api/2.0.17/slf4j-api-2.0.17.jar:/Users/viniciusrodrigues/.m2/repository/org/springframework/spring-aspects/6.2.5/spring-aspects-6.2.5.jar:/Users/viniciusrodrigues/.m2/repository/org/aspectj/aspectjweaver/1.9.23/aspectjweaver-1.9.23.jar:/Users/viniciusrodrigues/.m2/repository/org/springframework/boot/spring-boot-devtools/3.4.4/spring-boot-devtools-3.4.4.jar:/Users/viniciusrodrigues/.m2/repository/org/springframework/boot/spring-boot/3.4.4/spring-boot-3.4.4.jar:/Users/viniciusrodrigues/.m2/repository/org/springframework/boot/spring-boot-autoconfigure/3.4.4/spring-boot-autoconfigure-3.4.4.jar:/Users/viniciusrodrigues/.m2/repository/org/springframework/boot/spring-boot-starter-web/3.4.4/spring-boot-starter-web-3.4.4.jar:/Users/viniciusrodrigues/.m2/repository/org/springframework/boot/spring-boot-starter-json/3.4.4/spring-boot-starter-json-3.4.4.jar:/Users/viniciusrodrigues/.m2/repository/com/fasterxml/jackson/datatype/jackson-datatype-jdk8/2.18.3/jackson-datatype-jdk8-2.18.3.jar:/Users/viniciusrodrigues/.m2/repository/com/fasterxml/jackson/module/jackson-module-parameter-names/2.18.3/jackson-module-parameter-names-2.18.3.jar:/Users/viniciusrodrigues/.m2/repository/org/springframework/boot/spring-boot-starter-tomcat/3.4.4/spring-boot-starter-tomcat-3.4.4.jar:/Users/viniciusrodrigues/.m2/repository/org/apache/tomcat/embed/tomcat-embed-core/10.1.39/tomcat-embed-core-10.1.39.jar:/Users/viniciusrodrigues/.m2/repository/org/apache/tomcat/embed/tomcat-embed-websocket/10.1.39/tomcat-embed-websocket-10.1.39.jar:/Users/viniciusrodrigues/.m2/repository/org/springframework/spring-web/6.2.5/spring-web-6.2.5.jar:/Users/viniciusrodrigues/.m2/repository/org/springframework/spring-webmvc/6.2.5/spring-webmvc-6.2.5.jar:/Users/viniciusrodrigues/.m2/repository/org/springframework/boot/spring-boot-starter-validation/3.4.4/spring-boot-starter-validation-3.4.4.jar:/Users/viniciusrodrigues/.m2/repository/org/apache/tomcat/embed/tomcat-embed-el/10.1.39/tomcat-embed-el-10.1.39.jar:/Users/viniciusrodrigues/.m2/repository/org/hibernate/validator/hibernate-validator/8.0.2.Final/hibernate-validator-8.0.2.Final.jar:/Users/viniciusrodrigues/.m2/repository/org/springframework/boot/spring-boot-starter-hateoas/3.4.4/spring-boot-starter-hateoas-3.4.4.jar:/Users/viniciusrodrigues/.m2/repository/org/springframework/hateoas/spring-hateoas/2.4.1/spring-hateoas-2.4.1.jar:/Users/viniciusrodrigues/.m2/repository/org/springframework/plugin/spring-plugin-core/3.0.0/spring-plugin-core-3.0.0.jar:/Users/viniciusrodrigues/.m2/repository/org/postgresql/postgresql/42.7.5/postgresql-42.7.5.jar:/Users/viniciusrodrigues/.m2/repository/org/checkerframework/checker-qual/3.48.3/checker-qual-3.48.3.jar:/Users/viniciusrodrigues/.m2/repository/com/h2database/h2/2.3.232/h2-2.3.232.jar:/Users/viniciusrodrigues/.m2/repository/org/springframework/boot/spring-boot-starter-security/3.4.4/spring-boot-starter-security-3.4.4.jar:/Users/viniciusrodrigues/.m2/repository/org/springframework/spring-aop/6.2.5/spring-aop-6.2.5.jar:/Users/viniciusrodrigues/.m2/repository/org/springframework/security/spring-security-config/6.4.4/spring-security-config-6.4.4.jar:/Users/viniciusrodrigues/.m2/repository/org/springframework/security/spring-security-web/6.4.4/spring-security-web-6.4.4.jar:/Users/viniciusrodrigues/.m2/repository/org/springframework/security/spring-security-test/6.4.4/spring-security-test-6.4.4.jar:/Users/viniciusrodrigues/.m2/repository/org/springframework/spring-core/6.2.5/spring-core-6.2.5.jar:/Users/viniciusrodrigues/.m2/repository/org/springframework/spring-jcl/6.2.5/spring-jcl-6.2.5.jar:/Users/viniciusrodrigues/.m2/repository/org/springframework/spring-test/6.2.5/spring-test-6.2.5.jar:/Users/viniciusrodrigues/.m2/repository/org/flywaydb/flyway-core/10.20.1/flyway-core-10.20.1.jar:/Users/viniciusrodrigues/.m2/repository/com/fasterxml/jackson/dataformat/jackson-dataformat-toml/2.18.3/jackson-dataformat-toml-2.18.3.jar:/Users/viniciusrodrigues/.m2/repository/org/flywaydb/flyway-database-postgresql/10.20.1/flyway-database-postgresql-10.20.1.jar:/Users/viniciusrodrigues/.m2/repository/com/auth0/java-jwt/4.5.0/java-jwt-4.5.0.jar:/Users/viniciusrodrigues/.m2/repository/com/fasterxml/jackson/core/jackson-core/2.18.3/jackson-core-2.18.3.jar:/Users/viniciusrodrigues/.m2/repository/com/fasterxml/jackson/core/jackson-databind/2.18.3/jackson-databind-2.18.3.jar:/Users/viniciusrodrigues/.m2/repository/org/springdoc/springdoc-openapi-starter-webmvc-ui/2.8.9/springdoc-openapi-starter-webmvc-ui-2.8.9.jar:/Users/viniciusrodrigues/.m2/repository/org/springdoc/springdoc-openapi-starter-webmvc-api/2.8.9/springdoc-openapi-starter-webmvc-api-2.8.9.jar:/Users/viniciusrodrigues/.m2/repository/org/springdoc/springdoc-openapi-starter-common/2.8.9/springdoc-openapi-starter-common-2.8.9.jar:/Users/viniciusrodrigues/.m2/repository/io/swagger/core/v3/swagger-core-jakarta/2.2.30/swagger-core-jakarta-2.2.30.jar:/Users/viniciusrodrigues/.m2/repository/org/apache/commons/commons-lang3/3.17.0/commons-lang3-3.17.0.jar:/Users/viniciusrodrigues/.m2/repository/io/swagger/core/v3/swagger-annotations-jakarta/2.2.30/swagger-annotations-jakarta-2.2.30.jar:/Users/viniciusrodrigues/.m2/repository/io/swagger/core/v3/swagger-models-jakarta/2.2.30/swagger-models-jakarta-2.2.30.jar:/Users/viniciusrodrigues/.m2/repository/com/fasterxml/jackson/dataformat/jackson-dataformat-yaml/2.18.3/jackson-dataformat-yaml-2.18.3.jar:/Users/viniciusrodrigues/.m2/repository/org/webjars/swagger-ui/5.21.0/swagger-ui-5.21.0.jar:/Users/viniciusrodrigues/.m2/repository/org/webjars/webjars-locator-lite/1.0.1/webjars-locator-lite-1.0.1.jar:/Users/viniciusrodrigues/.m2/repository/org/jspecify/jspecify/1.0.0/jspecify-1.0.0.jar:/Users/viniciusrodrigues/.m2/repository/org/springframework/security/spring-security-core/6.4.5/spring-security-core-6.4.5.jar:/Users/viniciusrodrigues/.m2/repository/org/springframework/security/spring-security-crypto/6.4.4/spring-security-crypto-6.4.4.jar:/Users/viniciusrodrigues/.m2/repository/org/springframework/spring-beans/6.2.5/spring-beans-6.2.5.jar:/Users/viniciusrodrigues/.m2/repository/org/springframework/spring-context/6.2.5/spring-context-6.2.5.jar:/Users/viniciusrodrigues/.m2/repository/org/springframework/spring-expression/6.2.5/spring-expression-6.2.5.jar:/Users/viniciusrodrigues/.m2/repository/io/micrometer/micrometer-observation/1.14.5/micrometer-observation-1.14.5.jar:/Users/viniciusrodrigues/.m2/repository/io/micrometer/micrometer-commons/1.14.5/micrometer-commons-1.14.5.jar:/Users/viniciusrodrigues/.m2/repository/org/zalando/problem-spring-web/0.29.1/problem-spring-web-0.29.1.jar:/Users/viniciusrodrigues/.m2/repository/org/zalando/problem-violations/0.29.1/problem-violations-0.29.1.jar:/Users/viniciusrodrigues/.m2/repository/com/google/code/findbugs/jsr305/3.0.2/jsr305-3.0.2.jar:/Users/viniciusrodrigues/.m2/repository/org/zalando/problem-spring-common/0.29.1/problem-spring-common-0.29.1.jar:/Users/viniciusrodrigues/.m2/repository/org/zalando/faux-pas/0.9.0/faux-pas-0.9.0.jar:/Users/viniciusrodrigues/.m2/repository/jakarta/validation/jakarta.validation-api/3.0.2/jakarta.validation-api-3.0.2.jar:/Users/viniciusrodrigues/.m2/repository/org/zalando/jackson-datatype-problem/0.27.1/jackson-datatype-problem-0.27.1.jar:/Users/viniciusrodrigues/.m2/repository/org/zalando/problem/0.27.1/problem-0.27.1.jar:/Users/viniciusrodrigues/.m2/repository/org/apiguardian/apiguardian-api/1.1.2/apiguardian-api-1.1.2.jar:/Users/viniciusrodrigues/.m2/repository/me/paulschwarz/spring-dotenv/4.0.0/spring-dotenv-4.0.0.jar:/Users/viniciusrodrigues/.m2/repository/io/github/cdimascio/dotenv-java/3.0.0/dotenv-java-3.0.0.jar:/Users/viniciusrodrigues/.m2/repository/com/fasterxml/jackson/datatype/jackson-datatype-jsr310/2.18.3/jackson-datatype-jsr310-2.18.3.jar:/Users/viniciusrodrigues/.m2/repository/com/fasterxml/jackson/core/jackson-annotations/2.18.3/jackson-annotations-2.18.3.jar:/Users/viniciusrodrigues/.m2/repository/org/projectlombok/lombok/1.18.36/lombok-1.18.36.jar:/Users/viniciusrodrigues/.m2/repository/org/springframework/boot/spring-boot-starter-test/3.4.4/spring-boot-starter-test-3.4.4.jar:/Users/viniciusrodrigues/.m2/repository/org/springframework/boot/spring-boot-test/3.4.4/spring-boot-test-3.4.4.jar:/Users/viniciusrodrigues/.m2/repository/org/springframework/boot/spring-boot-test-autoconfigure/3.4.4/spring-boot-test-autoconfigure-3.4.4.jar:/Users/viniciusrodrigues/.m2/repository/com/jayway/jsonpath/json-path/2.9.0/json-path-2.9.0.jar:/Users/viniciusrodrigues/.m2/repository/jakarta/xml/bind/jakarta.xml.bind-api/4.0.2/jakarta.xml.bind-api-4.0.2.jar:/Users/viniciusrodrigues/.m2/repository/jakarta/activation/jakarta.activation-api/2.1.3/jakarta.activation-api-2.1.3.jar:/Users/viniciusrodrigues/.m2/repository/net/minidev/json-smart/2.5.2/json-smart-2.5.2.jar:/Users/viniciusrodrigues/.m2/repository/net/minidev/accessors-smart/2.5.2/accessors-smart-2.5.2.jar:/Users/viniciusrodrigues/.m2/repository/org/ow2/asm/asm/9.7.1/asm-9.7.1.jar:/Users/viniciusrodrigues/.m2/repository/org/assertj/assertj-core/3.26.3/assertj-core-3.26.3.jar:/Users/viniciusrodrigues/.m2/repository/org/awaitility/awaitility/4.2.2/awaitility-4.2.2.jar:/Users/viniciusrodrigues/.m2/repository/org/hamcrest/hamcrest/2.2/hamcrest-2.2.jar:/Users/viniciusrodrigues/.m2/repository/org/junit/jupiter/junit-jupiter/5.11.4/junit-jupiter-5.11.4.jar:/Users/viniciusrodrigues/.m2/repository/org/junit/jupiter/junit-jupiter-api/5.11.4/junit-jupiter-api-5.11.4.jar:/Users/viniciusrodrigues/.m2/repository/org/opentest4j/opentest4j/1.3.0/opentest4j-1.3.0.jar:/Users/viniciusrodrigues/.m2/repository/org/junit/platform/junit-platform-commons/1.11.4/junit-platform-commons-1.11.4.jar:/Users/viniciusrodrigues/.m2/repository/org/junit/jupiter/junit-jupiter-params/5.11.4/junit-jupiter-params-5.11.4.jar:/Users/viniciusrodrigues/.m2/repository/org/junit/jupiter/junit-jupiter-engine/5.11.4/junit-jupiter-engine-5.11.4.jar:/Users/viniciusrodrigues/.m2/repository/org/junit/platform/junit-platform-engine/1.11.4/junit-platform-engine-1.11.4.jar:/Users/viniciusrodrigues/.m2/repository/org/mockito/mockito-core/5.14.2/mockito-core-5.14.2.jar:/Users/viniciusrodrigues/.m2/repository/net/bytebuddy/byte-buddy-agent/1.15.11/byte-buddy-agent-1.15.11.jar:/Users/viniciusrodrigues/.m2/repository/org/objenesis/objenesis/3.3/objenesis-3.3.jar:/Users/viniciusrodrigues/.m2/repository/org/mockito/mockito-junit-jupiter/5.14.2/mockito-junit-jupiter-5.14.2.jar:/Users/viniciusrodrigues/.m2/repository/org/skyscreamer/jsonassert/1.5.3/jsonassert-1.5.3.jar:/Users/viniciusrodrigues/.m2/repository/com/vaadin/external/google/android-json/0.0.20131108.vaadin1/android-json-0.0.20131108.vaadin1.jar:/Users/viniciusrodrigues/.m2/repository/org/xmlunit/xmlunit-core/2.10.0/xmlunit-core-2.10.0.jar:/Users/viniciusrodrigues/.m2/repository/io/projectreactor/reactor-test/3.7.4/reactor-test-3.7.4.jar:/Users/viniciusrodrigues/.m2/repository/io/projectreactor/reactor-core/3.7.4/reactor-core-3.7.4.jar:/Users/viniciusrodrigues/.m2/repository/org/reactivestreams/reactive-streams/1.0.4/reactive-streams-1.0.4.jar:"/>
    <property name="java.vm.vendor" value="Eclipse Adoptium"/>
    <property name="sun.arch.data.model" value="64"/>
    <property name="java.vendor.url" value="https://adoptium.net/"/>
    <property name="user.timezone" value="Asia/Manila"/>
    <property name="org.jboss.logging.provider" value="slf4j"/>
    <property name="os.name" value="Mac OS X"/>
    <property name="java.vm.specification.version" value="17"/>
    <property name="sun.java.launcher" value="SUN_STANDARD"/>
    <property name="user.country" value="PH"/>
    <property name="sun.boot.library.path" value="/Users/viniciusrodrigues/Library/Java/JavaVirtualMachines/temurin-17.0.15/Contents/Home/lib"/>
    <property name="sun.java.command" value="/Users/viniciusrodrigues/Documents/Projects/EasyMenu/backend/target/surefire/surefirebooter-20250712173343381_3.jar /Users/viniciusrodrigues/Documents/Projects/EasyMenu/backend/target/surefire 2025-07-12T17-33-43_350-jvmRun1 surefire-20250712173343381_1tmp surefire_0-20250712173343381_2tmp"/>
    <property name="http.nonProxyHosts" value="local|*.local|169.254/16|*.169.254/16"/>
    <property name="jdk.debug" value="release"/>
    <property name="surefire.test.class.path" value="/Users/viniciusrodrigues/Documents/Projects/EasyMenu/backend/target/test-classes:/Users/viniciusrodrigues/Documents/Projects/EasyMenu/backend/target/classes:/Users/viniciusrodrigues/.m2/repository/org/springframework/boot/spring-boot-starter-data-jpa/3.4.4/spring-boot-starter-data-jpa-3.4.4.jar:/Users/viniciusrodrigues/.m2/repository/org/springframework/boot/spring-boot-starter/3.4.4/spring-boot-starter-3.4.4.jar:/Users/viniciusrodrigues/.m2/repository/org/springframework/boot/spring-boot-starter-logging/3.4.4/spring-boot-starter-logging-3.4.4.jar:/Users/viniciusrodrigues/.m2/repository/ch/qos/logback/logback-classic/1.5.18/logback-classic-1.5.18.jar:/Users/viniciusrodrigues/.m2/repository/ch/qos/logback/logback-core/1.5.18/logback-core-1.5.18.jar:/Users/viniciusrodrigues/.m2/repository/org/apache/logging/log4j/log4j-to-slf4j/2.24.3/log4j-to-slf4j-2.24.3.jar:/Users/viniciusrodrigues/.m2/repository/org/apache/logging/log4j/log4j-api/2.24.3/log4j-api-2.24.3.jar:/Users/viniciusrodrigues/.m2/repository/org/slf4j/jul-to-slf4j/2.0.17/jul-to-slf4j-2.0.17.jar:/Users/viniciusrodrigues/.m2/repository/jakarta/annotation/jakarta.annotation-api/2.1.1/jakarta.annotation-api-2.1.1.jar:/Users/viniciusrodrigues/.m2/repository/org/yaml/snakeyaml/2.3/snakeyaml-2.3.jar:/Users/viniciusrodrigues/.m2/repository/org/springframework/boot/spring-boot-starter-jdbc/3.4.4/spring-boot-starter-jdbc-3.4.4.jar:/Users/viniciusrodrigues/.m2/repository/com/zaxxer/HikariCP/5.1.0/HikariCP-5.1.0.jar:/Users/viniciusrodrigues/.m2/repository/org/springframework/spring-jdbc/6.2.5/spring-jdbc-6.2.5.jar:/Users/viniciusrodrigues/.m2/repository/org/hibernate/orm/hibernate-core/6.6.11.Final/hibernate-core-6.6.11.Final.jar:/Users/viniciusrodrigues/.m2/repository/jakarta/persistence/jakarta.persistence-api/3.1.0/jakarta.persistence-api-3.1.0.jar:/Users/viniciusrodrigues/.m2/repository/jakarta/transaction/jakarta.transaction-api/2.0.1/jakarta.transaction-api-2.0.1.jar:/Users/viniciusrodrigues/.m2/repository/org/jboss/logging/jboss-logging/3.6.1.Final/jboss-logging-3.6.1.Final.jar:/Users/viniciusrodrigues/.m2/repository/org/hibernate/common/hibernate-commons-annotations/7.0.3.Final/hibernate-commons-annotations-7.0.3.Final.jar:/Users/viniciusrodrigues/.m2/repository/io/smallrye/jandex/3.2.0/jandex-3.2.0.jar:/Users/viniciusrodrigues/.m2/repository/com/fasterxml/classmate/1.7.0/classmate-1.7.0.jar:/Users/viniciusrodrigues/.m2/repository/net/bytebuddy/byte-buddy/1.15.11/byte-buddy-1.15.11.jar:/Users/viniciusrodrigues/.m2/repository/org/glassfish/jaxb/jaxb-runtime/4.0.5/jaxb-runtime-4.0.5.jar:/Users/viniciusrodrigues/.m2/repository/org/glassfish/jaxb/jaxb-core/4.0.5/jaxb-core-4.0.5.jar:/Users/viniciusrodrigues/.m2/repository/org/eclipse/angus/angus-activation/2.0.2/angus-activation-2.0.2.jar:/Users/viniciusrodrigues/.m2/repository/org/glassfish/jaxb/txw2/4.0.5/txw2-4.0.5.jar:/Users/viniciusrodrigues/.m2/repository/com/sun/istack/istack-commons-runtime/4.1.2/istack-commons-runtime-4.1.2.jar:/Users/viniciusrodrigues/.m2/repository/jakarta/inject/jakarta.inject-api/2.0.1/jakarta.inject-api-2.0.1.jar:/Users/viniciusrodrigues/.m2/repository/org/antlr/antlr4-runtime/4.13.0/antlr4-runtime-4.13.0.jar:/Users/viniciusrodrigues/.m2/repository/org/springframework/data/spring-data-jpa/3.4.4/spring-data-jpa-3.4.4.jar:/Users/viniciusrodrigues/.m2/repository/org/springframework/data/spring-data-commons/3.4.4/spring-data-commons-3.4.4.jar:/Users/viniciusrodrigues/.m2/repository/org/springframework/spring-orm/6.2.5/spring-orm-6.2.5.jar:/Users/viniciusrodrigues/.m2/repository/org/springframework/spring-tx/6.2.5/spring-tx-6.2.5.jar:/Users/viniciusrodrigues/.m2/repository/org/slf4j/slf4j-api/2.0.17/slf4j-api-2.0.17.jar:/Users/viniciusrodrigues/.m2/repository/org/springframework/spring-aspects/6.2.5/spring-aspects-6.2.5.jar:/Users/viniciusrodrigues/.m2/repository/org/aspectj/aspectjweaver/1.9.23/aspectjweaver-1.9.23.jar:/Users/viniciusrodrigues/.m2/repository/org/springframework/boot/spring-boot-devtools/3.4.4/spring-boot-devtools-3.4.4.jar:/Users/viniciusrodrigues/.m2/repository/org/springframework/boot/spring-boot/3.4.4/spring-boot-3.4.4.jar:/Users/viniciusrodrigues/.m2/repository/org/springframework/boot/spring-boot-autoconfigure/3.4.4/spring-boot-autoconfigure-3.4.4.jar:/Users/viniciusrodrigues/.m2/repository/org/springframework/boot/spring-boot-starter-web/3.4.4/spring-boot-starter-web-3.4.4.jar:/Users/viniciusrodrigues/.m2/repository/org/springframework/boot/spring-boot-starter-json/3.4.4/spring-boot-starter-json-3.4.4.jar:/Users/viniciusrodrigues/.m2/repository/com/fasterxml/jackson/datatype/jackson-datatype-jdk8/2.18.3/jackson-datatype-jdk8-2.18.3.jar:/Users/viniciusrodrigues/.m2/repository/com/fasterxml/jackson/module/jackson-module-parameter-names/2.18.3/jackson-module-parameter-names-2.18.3.jar:/Users/viniciusrodrigues/.m2/repository/org/springframework/boot/spring-boot-starter-tomcat/3.4.4/spring-boot-starter-tomcat-3.4.4.jar:/Users/viniciusrodrigues/.m2/repository/org/apache/tomcat/embed/tomcat-embed-core/10.1.39/tomcat-embed-core-10.1.39.jar:/Users/viniciusrodrigues/.m2/repository/org/apache/tomcat/embed/tomcat-embed-websocket/10.1.39/tomcat-embed-websocket-10.1.39.jar:/Users/viniciusrodrigues/.m2/repository/org/springframework/spring-web/6.2.5/spring-web-6.2.5.jar:/Users/viniciusrodrigues/.m2/repository/org/springframework/spring-webmvc/6.2.5/spring-webmvc-6.2.5.jar:/Users/viniciusrodrigues/.m2/repository/org/springframework/boot/spring-boot-starter-validation/3.4.4/spring-boot-starter-validation-3.4.4.jar:/Users/viniciusrodrigues/.m2/repository/org/apache/tomcat/embed/tomcat-embed-el/10.1.39/tomcat-embed-el-10.1.39.jar:/Users/viniciusrodrigues/.m2/repository/org/hibernate/validator/hibernate-validator/8.0.2.Final/hibernate-validator-8.0.2.Final.jar:/Users/viniciusrodrigues/.m2/repository/org/springframework/boot/spring-boot-starter-hateoas/3.4.4/spring-boot-starter-hateoas-3.4.4.jar:/Users/viniciusrodrigues/.m2/repository/org/springframework/hateoas/spring-hateoas/2.4.1/spring-hateoas-2.4.1.jar:/Users/viniciusrodrigues/.m2/repository/org/springframework/plugin/spring-plugin-core/3.0.0/spring-plugin-core-3.0.0.jar:/Users/viniciusrodrigues/.m2/repository/org/postgresql/postgresql/42.7.5/postgresql-42.7.5.jar:/Users/viniciusrodrigues/.m2/repository/org/checkerframework/checker-qual/3.48.3/checker-qual-3.48.3.jar:/Users/viniciusrodrigues/.m2/repository/com/h2database/h2/2.3.232/h2-2.3.232.jar:/Users/viniciusrodrigues/.m2/repository/org/springframework/boot/spring-boot-starter-security/3.4.4/spring-boot-starter-security-3.4.4.jar:/Users/viniciusrodrigues/.m2/repository/org/springframework/spring-aop/6.2.5/spring-aop-6.2.5.jar:/Users/viniciusrodrigues/.m2/repository/org/springframework/security/spring-security-config/6.4.4/spring-security-config-6.4.4.jar:/Users/viniciusrodrigues/.m2/repository/org/springframework/security/spring-security-web/6.4.4/spring-security-web-6.4.4.jar:/Users/viniciusrodrigues/.m2/repository/org/springframework/security/spring-security-test/6.4.4/spring-security-test-6.4.4.jar:/Users/viniciusrodrigues/.m2/repository/org/springframework/spring-core/6.2.5/spring-core-6.2.5.jar:/Users/viniciusrodrigues/.m2/repository/org/springframework/spring-jcl/6.2.5/spring-jcl-6.2.5.jar:/Users/viniciusrodrigues/.m2/repository/org/springframework/spring-test/6.2.5/spring-test-6.2.5.jar:/Users/viniciusrodrigues/.m2/repository/org/flywaydb/flyway-core/10.20.1/flyway-core-10.20.1.jar:/Users/viniciusrodrigues/.m2/repository/com/fasterxml/jackson/dataformat/jackson-dataformat-toml/2.18.3/jackson-dataformat-toml-2.18.3.jar:/Users/viniciusrodrigues/.m2/repository/org/flywaydb/flyway-database-postgresql/10.20.1/flyway-database-postgresql-10.20.1.jar:/Users/viniciusrodrigues/.m2/repository/com/auth0/java-jwt/4.5.0/java-jwt-4.5.0.jar:/Users/viniciusrodrigues/.m2/repository/com/fasterxml/jackson/core/jackson-core/2.18.3/jackson-core-2.18.3.jar:/Users/viniciusrodrigues/.m2/repository/com/fasterxml/jackson/core/jackson-databind/2.18.3/jackson-databind-2.18.3.jar:/Users/viniciusrodrigues/.m2/repository/org/springdoc/springdoc-openapi-starter-webmvc-ui/2.8.9/springdoc-openapi-starter-webmvc-ui-2.8.9.jar:/Users/viniciusrodrigues/.m2/repository/org/springdoc/springdoc-openapi-starter-webmvc-api/2.8.9/springdoc-openapi-starter-webmvc-api-2.8.9.jar:/Users/viniciusrodrigues/.m2/repository/org/springdoc/springdoc-openapi-starter-common/2.8.9/springdoc-openapi-starter-common-2.8.9.jar:/Users/viniciusrodrigues/.m2/repository/io/swagger/core/v3/swagger-core-jakarta/2.2.30/swagger-core-jakarta-2.2.30.jar:/Users/viniciusrodrigues/.m2/repository/org/apache/commons/commons-lang3/3.17.0/commons-lang3-3.17.0.jar:/Users/viniciusrodrigues/.m2/repository/io/swagger/core/v3/swagger-annotations-jakarta/2.2.30/swagger-annotations-jakarta-2.2.30.jar:/Users/viniciusrodrigues/.m2/repository/io/swagger/core/v3/swagger-models-jakarta/2.2.30/swagger-models-jakarta-2.2.30.jar:/Users/viniciusrodrigues/.m2/repository/com/fasterxml/jackson/dataformat/jackson-dataformat-yaml/2.18.3/jackson-dataformat-yaml-2.18.3.jar:/Users/viniciusrodrigues/.m2/repository/org/webjars/swagger-ui/5.21.0/swagger-ui-5.21.0.jar:/Users/viniciusrodrigues/.m2/repository/org/webjars/webjars-locator-lite/1.0.1/webjars-locator-lite-1.0.1.jar:/Users/viniciusrodrigues/.m2/repository/org/jspecify/jspecify/1.0.0/jspecify-1.0.0.jar:/Users/viniciusrodrigues/.m2/repository/org/springframework/security/spring-security-core/6.4.5/spring-security-core-6.4.5.jar:/Users/viniciusrodrigues/.m2/repository/org/springframework/security/spring-security-crypto/6.4.4/spring-security-crypto-6.4.4.jar:/Users/viniciusrodrigues/.m2/repository/org/springframework/spring-beans/6.2.5/spring-beans-6.2.5.jar:/Users/viniciusrodrigues/.m2/repository/org/springframework/spring-context/6.2.5/spring-context-6.2.5.jar:/Users/viniciusrodrigues/.m2/repository/org/springframework/spring-expression/6.2.5/spring-expression-6.2.5.jar:/Users/viniciusrodrigues/.m2/repository/io/micrometer/micrometer-observation/1.14.5/micrometer-observation-1.14.5.jar:/Users/viniciusrodrigues/.m2/repository/io/micrometer/micrometer-commons/1.14.5/micrometer-commons-1.14.5.jar:/Users/viniciusrodrigues/.m2/repository/org/zalando/problem-spring-web/0.29.1/problem-spring-web-0.29.1.jar:/Users/viniciusrodrigues/.m2/repository/org/zalando/problem-violations/0.29.1/problem-violations-0.29.1.jar:/Users/viniciusrodrigues/.m2/repository/com/google/code/findbugs/jsr305/3.0.2/jsr305-3.0.2.jar:/Users/viniciusrodrigues/.m2/repository/org/zalando/problem-spring-common/0.29.1/problem-spring-common-0.29.1.jar:/Users/viniciusrodrigues/.m2/repository/org/zalando/faux-pas/0.9.0/faux-pas-0.9.0.jar:/Users/viniciusrodrigues/.m2/repository/jakarta/validation/jakarta.validation-api/3.0.2/jakarta.validation-api-3.0.2.jar:/Users/viniciusrodrigues/.m2/repository/org/zalando/jackson-datatype-problem/0.27.1/jackson-datatype-problem-0.27.1.jar:/Users/viniciusrodrigues/.m2/repository/org/zalando/problem/0.27.1/problem-0.27.1.jar:/Users/viniciusrodrigues/.m2/repository/org/apiguardian/apiguardian-api/1.1.2/apiguardian-api-1.1.2.jar:/Users/viniciusrodrigues/.m2/repository/me/paulschwarz/spring-dotenv/4.0.0/spring-dotenv-4.0.0.jar:/Users/viniciusrodrigues/.m2/repository/io/github/cdimascio/dotenv-java/3.0.0/dotenv-java-3.0.0.jar:/Users/viniciusrodrigues/.m2/repository/com/fasterxml/jackson/datatype/jackson-datatype-jsr310/2.18.3/jackson-datatype-jsr310-2.18.3.jar:/Users/viniciusrodrigues/.m2/repository/com/fasterxml/jackson/core/jackson-annotations/2.18.3/jackson-annotations-2.18.3.jar:/Users/viniciusrodrigues/.m2/repository/org/projectlombok/lombok/1.18.36/lombok-1.18.36.jar:/Users/viniciusrodrigues/.m2/repository/org/springframework/boot/spring-boot-starter-test/3.4.4/spring-boot-starter-test-3.4.4.jar:/Users/viniciusrodrigues/.m2/repository/org/springframework/boot/spring-boot-test/3.4.4/spring-boot-test-3.4.4.jar:/Users/viniciusrodrigues/.m2/repository/org/springframework/boot/spring-boot-test-autoconfigure/3.4.4/spring-boot-test-autoconfigure-3.4.4.jar:/Users/viniciusrodrigues/.m2/repository/com/jayway/jsonpath/json-path/2.9.0/json-path-2.9.0.jar:/Users/viniciusrodrigues/.m2/repository/jakarta/xml/bind/jakarta.xml.bind-api/4.0.2/jakarta.xml.bind-api-4.0.2.jar:/Users/viniciusrodrigues/.m2/repository/jakarta/activation/jakarta.activation-api/2.1.3/jakarta.activation-api-2.1.3.jar:/Users/viniciusrodrigues/.m2/repository/net/minidev/json-smart/2.5.2/json-smart-2.5.2.jar:/Users/viniciusrodrigues/.m2/repository/net/minidev/accessors-smart/2.5.2/accessors-smart-2.5.2.jar:/Users/viniciusrodrigues/.m2/repository/org/ow2/asm/asm/9.7.1/asm-9.7.1.jar:/Users/viniciusrodrigues/.m2/repository/org/assertj/assertj-core/3.26.3/assertj-core-3.26.3.jar:/Users/viniciusrodrigues/.m2/repository/org/awaitility/awaitility/4.2.2/awaitility-4.2.2.jar:/Users/viniciusrodrigues/.m2/repository/org/hamcrest/hamcrest/2.2/hamcrest-2.2.jar:/Users/viniciusrodrigues/.m2/repository/org/junit/jupiter/junit-jupiter/5.11.4/junit-jupiter-5.11.4.jar:/Users/viniciusrodrigues/.m2/repository/org/junit/jupiter/junit-jupiter-api/5.11.4/junit-jupiter-api-5.11.4.jar:/Users/viniciusrodrigues/.m2/repository/org/opentest4j/opentest4j/1.3.0/opentest4j-1.3.0.jar:/Users/viniciusrodrigues/.m2/repository/org/junit/platform/junit-platform-commons/1.11.4/junit-platform-commons-1.11.4.jar:/Users/viniciusrodrigues/.m2/repository/org/junit/jupiter/junit-jupiter-params/5.11.4/junit-jupiter-params-5.11.4.jar:/Users/viniciusrodrigues/.m2/repository/org/junit/jupiter/junit-jupiter-engine/5.11.4/junit-jupiter-engine-5.11.4.jar:/Users/viniciusrodrigues/.m2/repository/org/junit/platform/junit-platform-engine/1.11.4/junit-platform-engine-1.11.4.jar:/Users/viniciusrodrigues/.m2/repository/org/mockito/mockito-core/5.14.2/mockito-core-5.14.2.jar:/Users/viniciusrodrigues/.m2/repository/net/bytebuddy/byte-buddy-agent/1.15.11/byte-buddy-agent-1.15.11.jar:/Users/viniciusrodrigues/.m2/repository/org/objenesis/objenesis/3.3/objenesis-3.3.jar:/Users/viniciusrodrigues/.m2/repository/org/mockito/mockito-junit-jupiter/5.14.2/mockito-junit-jupiter-5.14.2.jar:/Users/viniciusrodrigues/.m2/repository/org/skyscreamer/jsonassert/1.5.3/jsonassert-1.5.3.jar:/Users/viniciusrodrigues/.m2/repository/com/vaadin/external/google/android-json/0.0.20131108.vaadin1/android-json-0.0.20131108.vaadin1.jar:/Users/viniciusrodrigues/.m2/repository/org/xmlunit/xmlunit-core/2.10.0/xmlunit-core-2.10.0.jar:/Users/viniciusrodrigues/.m2/repository/io/projectreactor/reactor-test/3.7.4/reactor-test-3.7.4.jar:/Users/viniciusrodrigues/.m2/repository/io/projectreactor/reactor-core/3.7.4/reactor-core-3.7.4.jar:/Users/viniciusrodrigues/.m2/repository/org/reactivestreams/reactive-streams/1.0.4/reactive-streams-1.0.4.jar:"/>
    <property name="sun.cpu.endian" value="little"/>
    <property name="user.home" value="/Users/viniciusrodrigues"/>
    <property name="user.language" value="en"/>
    <property name="java.specification.vendor" value="Oracle Corporation"/>
    <property name="java.version.date" value="2025-04-15"/>
    <property name="java.home" value="/Users/viniciusrodrigues/Library/Java/JavaVirtualMachines/temurin-17.0.15/Contents/Home"/>
    <property name="file.separator" value="/"/>
    <property name="basedir" value="/Users/viniciusrodrigues/Documents/Projects/EasyMenu/backend"/>
    <property name="java.vm.compressedOopsMode" value="Zero based"/>
    <property name="line.separator" value="&#10;"/>
    <property name="java.vm.specification.vendor" value="Oracle Corporation"/>
    <property name="java.specification.name" value="Java Platform API Specification"/>
    <property name="FILE_LOG_CHARSET" value="UTF-8"/>
    <property name="java.awt.headless" value="true"/>
    <property name="surefire.real.class.path" value="/Users/viniciusrodrigues/Documents/Projects/EasyMenu/backend/target/surefire/surefirebooter-20250712173343381_3.jar"/>
    <property name="polyglot.engine.WarnInterpreterOnly" value="false"/>
    <property name="sun.management.compiler" value="HotSpot 64-Bit Tiered Compilers"/>
    <property name="ftp.nonProxyHosts" value="local|*.local|169.254/16|*.169.254/16"/>
    <property name="java.runtime.version" value="17.0.15+6"/>
    <property name="user.name" value="viniciusrodrigues"/>
    <property name="path.separator" value=":"/>
    <property name="os.version" value="15.5"/>
    <property name="java.runtime.name" value="OpenJDK Runtime Environment"/>
    <property name="file.encoding" value="UTF-8"/>
    <property name="java.vm.name" value="OpenJDK 64-Bit Server VM"/>
    <property name="java.vendor.version" value="Temurin-17.0.15+6"/>
    <property name="localRepository" value="/Users/viniciusrodrigues/.m2/repository"/>
    <property name="java.vendor.url.bug" value="https://github.com/adoptium/adoptium-support/issues"/>
    <property name="java.io.tmpdir" value="/var/folders/vq/gqjcr87j7m30qz7l5rp_vs1c0000gn/T/"/>
    <property name="com.zaxxer.hikari.pool_number" value="13"/>
    <property name="java.version" value="17.0.15"/>
    <property name="user.dir" value="/Users/viniciusrodrigues/Documents/Projects/EasyMenu/backend"/>
    <property name="os.arch" value="aarch64"/>
    <property name="java.vm.specification.name" value="Java Virtual Machine Specification"/>
    <property name="PID" value="96426"/>
    <property name="CONSOLE_LOG_CHARSET" value="UTF-8"/>
    <property name="native.encoding" value="UTF-8"/>
    <property name="java.library.path" value="/Users/viniciusrodrigues/Library/Java/Extensions:/Library/Java/Extensions:/Network/Library/Java/Extensions:/System/Library/Java/Extensions:/usr/lib/java:."/>
    <property name="java.vm.info" value="mixed mode, sharing"/>
    <property name="java.vendor" value="Eclipse Adoptium"/>
    <property name="java.vm.version" value="17.0.15+6"/>
    <property name="java.specification.maintenance.version" value="1"/>
    <property name="sun.io.unicode.encoding" value="UnicodeBig"/>
    <property name="socksNonProxyHosts" value="local|*.local|169.254/16|*.169.254/16"/>
    <property name="java.class.version" value="61.0"/>
  </properties>
  <testcase name="testCreateProduct" classname="com.easymenu.product.ProductControllerTest" time="0.086">
    <system-out><![CDATA[2025-07-12T17:33:49.647+08:00  INFO 96426 --- [           main] t.c.s.AnnotationConfigContextLoaderUtils : Could not detect default configuration classes for test class [com.easymenu.product.ProductControllerTest]: ProductControllerTest does not declare any static, non-private, non-final, nested classes annotated with @Configuration.
2025-07-12T17:33:49.652+08:00  INFO 96426 --- [           main] .b.t.c.SpringBootTestContextBootstrapper : Found @SpringBootConfiguration com.easymenu.EasyMenuApplication for test class com.easymenu.product.ProductControllerTest
2025-07-12T17:33:49.654+08:00  INFO 96426 --- [           main] o.s.b.d.r.RestartApplicationListener     : Restart disabled due to context in which it is running

  .   ____          _            __ _ _
 /\\ / ___'_ __ _ _(_)_ __  __ _ \ \ \ \
( ( )\___ | '_ | '_| | '_ \/ _` | \ \ \ \
 \\/  ___)| |_)| | | | | || (_| |  ) ) ) )
  '  |____| .__|_| |_|_| |_\__, | / / / /
 =========|_|==============|___/=/_/_/_/

 :: Spring Boot ::                (v3.4.4)

2025-07-12T17:33:49.664+08:00  INFO 96426 --- [           main] c.e.product.ProductControllerTest        : Starting ProductControllerTest using Java 17.0.15 with PID 96426 (started by viniciusrodrigues in /Users/viniciusrodrigues/Documents/Projects/EasyMenu/backend)
2025-07-12T17:33:49.664+08:00  INFO 96426 --- [           main] c.e.product.ProductControllerTest        : The following 1 profile is active: "local"
2025-07-12T17:33:49.732+08:00  INFO 96426 --- [           main] .s.d.r.c.RepositoryConfigurationDelegate : Bootstrapping Spring Data JPA repositories in DEFAULT mode.
2025-07-12T17:33:49.737+08:00  INFO 96426 --- [           main] .s.d.r.c.RepositoryConfigurationDelegate : Finished Spring Data repository scanning in 4 ms. Found 3 JPA repository interfaces.
2025-07-12T17:33:49.796+08:00  INFO 96426 --- [           main] com.zaxxer.hikari.HikariDataSource       : HikariPool-9 - Starting...
2025-07-12T17:33:49.812+08:00  INFO 96426 --- [           main] com.zaxxer.hikari.pool.HikariPool        : HikariPool-9 - Added connection org.postgresql.jdbc.PgConnection@7144a18d
2025-07-12T17:33:49.812+08:00  INFO 96426 --- [           main] com.zaxxer.hikari.HikariDataSource       : HikariPool-9 - Start completed.
2025-07-12T17:33:49.813+08:00  INFO 96426 --- [           main] org.flywaydb.core.FlywayExecutor         : Database: jdbc:postgresql://localhost:5432/easymenu_db (PostgreSQL 17.4)
2025-07-12T17:33:49.820+08:00  INFO 96426 --- [           main] o.f.core.internal.command.DbValidate     : Successfully validated 1 migration (execution time 00:00.003s)
2025-07-12T17:33:49.841+08:00  INFO 96426 --- [           main] o.f.core.internal.command.DbMigrate      : Current version of schema "public": 1
2025-07-12T17:33:49.841+08:00  INFO 96426 --- [           main] o.f.core.internal.command.DbMigrate      : Schema "public" is up to date. No migration necessary.
2025-07-12T17:33:49.849+08:00  INFO 96426 --- [           main] o.hibernate.jpa.internal.util.LogHelper  : HHH000204: Processing PersistenceUnitInfo [name: default]
2025-07-12T17:33:49.850+08:00  INFO 96426 --- [           main] o.h.c.internal.RegionFactoryInitiator    : HHH000026: Second-level cache disabled
2025-07-12T17:33:49.853+08:00  INFO 96426 --- [           main] o.s.o.j.p.SpringPersistenceUnitInfo      : No LoadTimeWeaver setup: ignoring JPA class transformer
2025-07-12T17:33:49.855+08:00  WARN 96426 --- [           main] org.hibernate.orm.deprecation            : HHH90000025: PostgreSQLDialect does not need to be specified explicitly using 'hibernate.dialect' (remove the property setting and it will be selected by default)
2025-07-12T17:33:49.855+08:00  INFO 96426 --- [           main] org.hibernate.orm.connections.pooling    : HHH10001005: Database info:
	Database JDBC URL [Connecting through datasource 'HikariDataSource (HikariPool-9)']
	Database driver: undefined/unknown
	Database version: 17.4
	Autocommit mode: undefined/unknown
	Isolation level: undefined/unknown
	Minimum pool size: undefined/unknown
	Maximum pool size: undefined/unknown
2025-07-12T17:33:49.876+08:00  INFO 96426 --- [           main] o.h.e.t.j.p.i.JtaPlatformInitiator       : HHH000489: No JTA platform available (set 'hibernate.transaction.jta.platform' to enable JTA platform integration)
2025-07-12T17:33:49.876+08:00  INFO 96426 --- [           main] j.LocalContainerEntityManagerFactoryBean : Initialized JPA EntityManagerFactory for persistence unit 'default'
2025-07-12T17:33:49.891+08:00  INFO 96426 --- [           main] r$InitializeUserDetailsManagerConfigurer : Global AuthenticationManager configured with UserDetailsService bean with name userDetailsServiceImpl
2025-07-12T17:33:49.920+08:00  WARN 96426 --- [           main] JpaBaseConfiguration$JpaWebConfiguration : spring.jpa.open-in-view is enabled by default. Therefore, database queries may be performed during view rendering. Explicitly configure spring.jpa.open-in-view to disable this warning
2025-07-12T17:33:49.954+08:00 DEBUG 96426 --- [           main] o.s.s.web.DefaultSecurityFilterChain     : Will secure any request with filters: DisableEncodeUrlFilter, WebAsyncManagerIntegrationFilter, SecurityContextHolderFilter, HeaderWriterFilter, LogoutFilter, SecurityFilter, RequestCacheAwareFilter, SecurityContextHolderAwareRequestFilter, AnonymousAuthenticationFilter, SessionManagementFilter, ExceptionTranslationFilter, AuthorizationFilter
2025-07-12T17:33:50.006+08:00  INFO 96426 --- [           main] o.s.b.t.m.w.SpringBootMockServletContext : Initializing Spring TestDispatcherServlet ''
2025-07-12T17:33:50.006+08:00  INFO 96426 --- [           main] o.s.t.web.servlet.TestDispatcherServlet  : Initializing Servlet ''
2025-07-12T17:33:50.006+08:00  INFO 96426 --- [           main] o.s.t.web.servlet.TestDispatcherServlet  : Completed initialization in 0 ms
2025-07-12T17:33:50.012+08:00  INFO 96426 --- [           main] c.e.product.ProductControllerTest        : Started ProductControllerTest in 0.359 seconds (process running for 6.589)
2025-07-12T17:33:50.019+08:00 DEBUG 96426 --- [           main] o.s.security.web.FilterChainProxy        : Securing POST /products
2025-07-12T17:33:50.019+08:00 DEBUG 96426 --- [           main] o.s.security.web.FilterChainProxy        : Secured POST /products
2025-07-12T17:33:50.062+08:00  INFO 96426 --- [           main] j.LocalContainerEntityManagerFactoryBean : Closing JPA EntityManagerFactory for persistence unit 'default'
2025-07-12T17:33:50.062+08:00  INFO 96426 --- [           main] com.zaxxer.hikari.HikariDataSource       : HikariPool-9 - Shutdown initiated...
2025-07-12T17:33:50.099+08:00  INFO 96426 --- [           main] com.zaxxer.hikari.HikariDataSource       : HikariPool-9 - Shutdown completed.
]]></system-out>
  </testcase>
  <testcase name="testFindById" classname="com.easymenu.product.ProductControllerTest" time="0.041">
    <system-out><![CDATA[2025-07-12T17:33:50.100+08:00  INFO 96426 --- [           main] o.s.b.d.r.RestartApplicationListener     : Restart disabled due to context in which it is running

  .   ____          _            __ _ _
 /\\ / ___'_ __ _ _(_)_ __  __ _ \ \ \ \
( ( )\___ | '_ | '_| | '_ \/ _` | \ \ \ \
 \\/  ___)| |_)| | | | | || (_| |  ) ) ) )
  '  |____| .__|_| |_|_| |_\__, | / / / /
 =========|_|==============|___/=/_/_/_/

 :: Spring Boot ::                (v3.4.4)

2025-07-12T17:33:50.106+08:00  INFO 96426 --- [           main] c.e.product.ProductControllerTest        : Starting ProductControllerTest using Java 17.0.15 with PID 96426 (started by viniciusrodrigues in /Users/viniciusrodrigues/Documents/Projects/EasyMenu/backend)
2025-07-12T17:33:50.106+08:00  INFO 96426 --- [           main] c.e.product.ProductControllerTest        : The following 1 profile is active: "local"
2025-07-12T17:33:50.167+08:00  INFO 96426 --- [           main] .s.d.r.c.RepositoryConfigurationDelegate : Bootstrapping Spring Data JPA repositories in DEFAULT mode.
2025-07-12T17:33:50.172+08:00  INFO 96426 --- [           main] .s.d.r.c.RepositoryConfigurationDelegate : Finished Spring Data repository scanning in 5 ms. Found 3 JPA repository interfaces.
2025-07-12T17:33:50.207+08:00  INFO 96426 --- [           main] com.zaxxer.hikari.HikariDataSource       : HikariPool-10 - Starting...
2025-07-12T17:33:50.218+08:00  INFO 96426 --- [           main] com.zaxxer.hikari.pool.HikariPool        : HikariPool-10 - Added connection org.postgresql.jdbc.PgConnection@84ee47e
2025-07-12T17:33:50.218+08:00  INFO 96426 --- [           main] com.zaxxer.hikari.HikariDataSource       : HikariPool-10 - Start completed.
2025-07-12T17:33:50.219+08:00  INFO 96426 --- [           main] org.flywaydb.core.FlywayExecutor         : Database: jdbc:postgresql://localhost:5432/easymenu_db (PostgreSQL 17.4)
2025-07-12T17:33:50.227+08:00  INFO 96426 --- [           main] o.f.core.internal.command.DbValidate     : Successfully validated 1 migration (execution time 00:00.004s)
2025-07-12T17:33:50.241+08:00  INFO 96426 --- [           main] o.f.core.internal.command.DbMigrate      : Current version of schema "public": 1
2025-07-12T17:33:50.241+08:00  INFO 96426 --- [           main] o.f.core.internal.command.DbMigrate      : Schema "public" is up to date. No migration necessary.
2025-07-12T17:33:50.248+08:00  INFO 96426 --- [           main] o.hibernate.jpa.internal.util.LogHelper  : HHH000204: Processing PersistenceUnitInfo [name: default]
2025-07-12T17:33:50.249+08:00  INFO 96426 --- [           main] o.h.c.internal.RegionFactoryInitiator    : HHH000026: Second-level cache disabled
2025-07-12T17:33:50.251+08:00  INFO 96426 --- [           main] o.s.o.j.p.SpringPersistenceUnitInfo      : No LoadTimeWeaver setup: ignoring JPA class transformer
2025-07-12T17:33:50.252+08:00  WARN 96426 --- [           main] org.hibernate.orm.deprecation            : HHH90000025: PostgreSQLDialect does not need to be specified explicitly using 'hibernate.dialect' (remove the property setting and it will be selected by default)
2025-07-12T17:33:50.252+08:00  INFO 96426 --- [           main] org.hibernate.orm.connections.pooling    : HHH10001005: Database info:
	Database JDBC URL [Connecting through datasource 'HikariDataSource (HikariPool-10)']
	Database driver: undefined/unknown
	Database version: 17.4
	Autocommit mode: undefined/unknown
	Isolation level: undefined/unknown
	Minimum pool size: undefined/unknown
	Maximum pool size: undefined/unknown
2025-07-12T17:33:50.275+08:00  INFO 96426 --- [           main] o.h.e.t.j.p.i.JtaPlatformInitiator       : HHH000489: No JTA platform available (set 'hibernate.transaction.jta.platform' to enable JTA platform integration)
2025-07-12T17:33:50.276+08:00  INFO 96426 --- [           main] j.LocalContainerEntityManagerFactoryBean : Initialized JPA EntityManagerFactory for persistence unit 'default'
2025-07-12T17:33:50.295+08:00  INFO 96426 --- [           main] r$InitializeUserDetailsManagerConfigurer : Global AuthenticationManager configured with UserDetailsService bean with name userDetailsServiceImpl
2025-07-12T17:33:50.321+08:00  WARN 96426 --- [           main] JpaBaseConfiguration$JpaWebConfiguration : spring.jpa.open-in-view is enabled by default. Therefore, database queries may be performed during view rendering. Explicitly configure spring.jpa.open-in-view to disable this warning
2025-07-12T17:33:50.356+08:00 DEBUG 96426 --- [           main] o.s.s.web.DefaultSecurityFilterChain     : Will secure any request with filters: DisableEncodeUrlFilter, WebAsyncManagerIntegrationFilter, SecurityContextHolderFilter, HeaderWriterFilter, LogoutFilter, SecurityFilter, RequestCacheAwareFilter, SecurityContextHolderAwareRequestFilter, AnonymousAuthenticationFilter, SessionManagementFilter, ExceptionTranslationFilter, AuthorizationFilter
2025-07-12T17:33:50.408+08:00  INFO 96426 --- [           main] o.s.b.t.m.w.SpringBootMockServletContext : Initializing Spring TestDispatcherServlet ''
2025-07-12T17:33:50.408+08:00  INFO 96426 --- [           main] o.s.t.web.servlet.TestDispatcherServlet  : Initializing Servlet ''
2025-07-12T17:33:50.408+08:00  INFO 96426 --- [           main] o.s.t.web.servlet.TestDispatcherServlet  : Completed initialization in 0 ms
2025-07-12T17:33:50.413+08:00  INFO 96426 --- [           main] c.e.product.ProductControllerTest        : Started ProductControllerTest in 0.313 seconds (process running for 6.991)
2025-07-12T17:33:50.416+08:00 DEBUG 96426 --- [           main] o.s.security.web.FilterChainProxy        : Securing GET /products/dcfe0f24-f1a7-45a6-95d1-e7d6f91bc5b0
2025-07-12T17:33:50.416+08:00 DEBUG 96426 --- [           main] o.s.security.web.FilterChainProxy        : Secured GET /products/dcfe0f24-f1a7-45a6-95d1-e7d6f91bc5b0
2025-07-12T17:33:50.421+08:00  INFO 96426 --- [           main] j.LocalContainerEntityManagerFactoryBean : Closing JPA EntityManagerFactory for persistence unit 'default'
2025-07-12T17:33:50.422+08:00  INFO 96426 --- [           main] com.zaxxer.hikari.HikariDataSource       : HikariPool-10 - Shutdown initiated...
2025-07-12T17:33:50.455+08:00  INFO 96426 --- [           main] com.zaxxer.hikari.HikariDataSource       : HikariPool-10 - Shutdown completed.
]]></system-out>
  </testcase>
  <testcase name="testProductNotFound" classname="com.easymenu.product.ProductControllerTest" time="0.042">
    <system-out><![CDATA[2025-07-12T17:33:50.456+08:00  INFO 96426 --- [           main] o.s.b.d.r.RestartApplicationListener     : Restart disabled due to context in which it is running

  .   ____          _            __ _ _
 /\\ / ___'_ __ _ _(_)_ __  __ _ \ \ \ \
( ( )\___ | '_ | '_| | '_ \/ _` | \ \ \ \
 \\/  ___)| |_)| | | | | || (_| |  ) ) ) )
  '  |____| .__|_| |_|_| |_\__, | / / / /
 =========|_|==============|___/=/_/_/_/

 :: Spring Boot ::                (v3.4.4)

2025-07-12T17:33:50.464+08:00  INFO 96426 --- [           main] c.e.product.ProductControllerTest        : Starting ProductControllerTest using Java 17.0.15 with PID 96426 (started by viniciusrodrigues in /Users/viniciusrodrigues/Documents/Projects/EasyMenu/backend)
2025-07-12T17:33:50.464+08:00  INFO 96426 --- [           main] c.e.product.ProductControllerTest        : The following 1 profile is active: "local"
2025-07-12T17:33:50.519+08:00  INFO 96426 --- [           main] .s.d.r.c.RepositoryConfigurationDelegate : Bootstrapping Spring Data JPA repositories in DEFAULT mode.
2025-07-12T17:33:50.524+08:00  INFO 96426 --- [           main] .s.d.r.c.RepositoryConfigurationDelegate : Finished Spring Data repository scanning in 3 ms. Found 3 JPA repository interfaces.
2025-07-12T17:33:50.558+08:00  INFO 96426 --- [           main] com.zaxxer.hikari.HikariDataSource       : HikariPool-11 - Starting...
2025-07-12T17:33:50.570+08:00  INFO 96426 --- [           main] com.zaxxer.hikari.pool.HikariPool        : HikariPool-11 - Added connection org.postgresql.jdbc.PgConnection@41ac10f2
2025-07-12T17:33:50.570+08:00  INFO 96426 --- [           main] com.zaxxer.hikari.HikariDataSource       : HikariPool-11 - Start completed.
2025-07-12T17:33:50.570+08:00  INFO 96426 --- [           main] org.flywaydb.core.FlywayExecutor         : Database: jdbc:postgresql://localhost:5432/easymenu_db (PostgreSQL 17.4)
2025-07-12T17:33:50.577+08:00  INFO 96426 --- [           main] o.f.core.internal.command.DbValidate     : Successfully validated 1 migration (execution time 00:00.002s)
2025-07-12T17:33:50.592+08:00  INFO 96426 --- [           main] o.f.core.internal.command.DbMigrate      : Current version of schema "public": 1
2025-07-12T17:33:50.592+08:00  INFO 96426 --- [           main] o.f.core.internal.command.DbMigrate      : Schema "public" is up to date. No migration necessary.
2025-07-12T17:33:50.600+08:00  INFO 96426 --- [           main] o.hibernate.jpa.internal.util.LogHelper  : HHH000204: Processing PersistenceUnitInfo [name: default]
2025-07-12T17:33:50.600+08:00  INFO 96426 --- [           main] o.h.c.internal.RegionFactoryInitiator    : HHH000026: Second-level cache disabled
2025-07-12T17:33:50.602+08:00  INFO 96426 --- [           main] o.s.o.j.p.SpringPersistenceUnitInfo      : No LoadTimeWeaver setup: ignoring JPA class transformer
2025-07-12T17:33:50.604+08:00  WARN 96426 --- [           main] org.hibernate.orm.deprecation            : HHH90000025: PostgreSQLDialect does not need to be specified explicitly using 'hibernate.dialect' (remove the property setting and it will be selected by default)
2025-07-12T17:33:50.605+08:00  INFO 96426 --- [           main] org.hibernate.orm.connections.pooling    : HHH10001005: Database info:
	Database JDBC URL [Connecting through datasource 'HikariDataSource (HikariPool-11)']
	Database driver: undefined/unknown
	Database version: 17.4
	Autocommit mode: undefined/unknown
	Isolation level: undefined/unknown
	Minimum pool size: undefined/unknown
	Maximum pool size: undefined/unknown
2025-07-12T17:33:50.625+08:00  INFO 96426 --- [           main] o.h.e.t.j.p.i.JtaPlatformInitiator       : HHH000489: No JTA platform available (set 'hibernate.transaction.jta.platform' to enable JTA platform integration)
2025-07-12T17:33:50.625+08:00  INFO 96426 --- [           main] j.LocalContainerEntityManagerFactoryBean : Initialized JPA EntityManagerFactory for persistence unit 'default'
2025-07-12T17:33:50.640+08:00  INFO 96426 --- [           main] r$InitializeUserDetailsManagerConfigurer : Global AuthenticationManager configured with UserDetailsService bean with name userDetailsServiceImpl
2025-07-12T17:33:50.667+08:00  WARN 96426 --- [           main] JpaBaseConfiguration$JpaWebConfiguration : spring.jpa.open-in-view is enabled by default. Therefore, database queries may be performed during view rendering. Explicitly configure spring.jpa.open-in-view to disable this warning
2025-07-12T17:33:50.705+08:00 DEBUG 96426 --- [           main] o.s.s.web.DefaultSecurityFilterChain     : Will secure any request with filters: DisableEncodeUrlFilter, WebAsyncManagerIntegrationFilter, SecurityContextHolderFilter, HeaderWriterFilter, LogoutFilter, SecurityFilter, RequestCacheAwareFilter, SecurityContextHolderAwareRequestFilter, AnonymousAuthenticationFilter, SessionManagementFilter, ExceptionTranslationFilter, AuthorizationFilter
2025-07-12T17:33:50.755+08:00  INFO 96426 --- [           main] o.s.b.t.m.w.SpringBootMockServletContext : Initializing Spring TestDispatcherServlet ''
2025-07-12T17:33:50.755+08:00  INFO 96426 --- [           main] o.s.t.web.servlet.TestDispatcherServlet  : Initializing Servlet ''
2025-07-12T17:33:50.755+08:00  INFO 96426 --- [           main] o.s.t.web.servlet.TestDispatcherServlet  : Completed initialization in 0 ms
2025-07-12T17:33:50.760+08:00  INFO 96426 --- [           main] c.e.product.ProductControllerTest        : Started ProductControllerTest in 0.304 seconds (process running for 7.338)
2025-07-12T17:33:50.763+08:00 DEBUG 96426 --- [           main] o.s.security.web.FilterChainProxy        : Securing GET /products/d506d2a8-7b09-4289-adc7-fb717654bc07
2025-07-12T17:33:50.763+08:00 DEBUG 96426 --- [           main] o.s.security.web.FilterChainProxy        : Secured GET /products/d506d2a8-7b09-4289-adc7-fb717654bc07
2025-07-12T17:33:50.768+08:00  INFO 96426 --- [           main] j.LocalContainerEntityManagerFactoryBean : Closing JPA EntityManagerFactory for persistence unit 'default'
2025-07-12T17:33:50.768+08:00  INFO 96426 --- [           main] com.zaxxer.hikari.HikariDataSource       : HikariPool-11 - Shutdown initiated...
2025-07-12T17:33:50.803+08:00  INFO 96426 --- [           main] com.zaxxer.hikari.HikariDataSource       : HikariPool-11 - Shutdown completed.
]]></system-out>
  </testcase>
  <testcase name="testInvalidInput" classname="com.easymenu.product.ProductControllerTest" time="0.03">
    <system-out><![CDATA[2025-07-12T17:33:50.804+08:00  INFO 96426 --- [           main] o.s.b.d.r.RestartApplicationListener     : Restart disabled due to context in which it is running

  .   ____          _            __ _ _
 /\\ / ___'_ __ _ _(_)_ __  __ _ \ \ \ \
( ( )\___ | '_ | '_| | '_ \/ _` | \ \ \ \
 \\/  ___)| |_)| | | | | || (_| |  ) ) ) )
  '  |____| .__|_| |_|_| |_\__, | / / / /
 =========|_|==============|___/=/_/_/_/

 :: Spring Boot ::                (v3.4.4)

2025-07-12T17:33:50.810+08:00  INFO 96426 --- [           main] c.e.product.ProductControllerTest        : Starting ProductControllerTest using Java 17.0.15 with PID 96426 (started by viniciusrodrigues in /Users/viniciusrodrigues/Documents/Projects/EasyMenu/backend)
2025-07-12T17:33:50.810+08:00  INFO 96426 --- [           main] c.e.product.ProductControllerTest        : The following 1 profile is active: "local"
2025-07-12T17:33:50.865+08:00  INFO 96426 --- [           main] .s.d.r.c.RepositoryConfigurationDelegate : Bootstrapping Spring Data JPA repositories in DEFAULT mode.
2025-07-12T17:33:50.870+08:00  INFO 96426 --- [           main] .s.d.r.c.RepositoryConfigurationDelegate : Finished Spring Data repository scanning in 4 ms. Found 3 JPA repository interfaces.
2025-07-12T17:33:50.906+08:00  INFO 96426 --- [           main] com.zaxxer.hikari.HikariDataSource       : HikariPool-12 - Starting...
2025-07-12T17:33:50.914+08:00  INFO 96426 --- [           main] com.zaxxer.hikari.pool.HikariPool        : HikariPool-12 - Added connection org.postgresql.jdbc.PgConnection@74d33ed9
2025-07-12T17:33:50.914+08:00  INFO 96426 --- [           main] com.zaxxer.hikari.HikariDataSource       : HikariPool-12 - Start completed.
2025-07-12T17:33:50.915+08:00  INFO 96426 --- [           main] org.flywaydb.core.FlywayExecutor         : Database: jdbc:postgresql://localhost:5432/easymenu_db (PostgreSQL 17.4)
2025-07-12T17:33:50.922+08:00  INFO 96426 --- [           main] o.f.core.internal.command.DbValidate     : Successfully validated 1 migration (execution time 00:00.002s)
2025-07-12T17:33:50.934+08:00  INFO 96426 --- [           main] o.f.core.internal.command.DbMigrate      : Current version of schema "public": 1
2025-07-12T17:33:50.934+08:00  INFO 96426 --- [           main] o.f.core.internal.command.DbMigrate      : Schema "public" is up to date. No migration necessary.
2025-07-12T17:33:50.941+08:00  INFO 96426 --- [           main] o.hibernate.jpa.internal.util.LogHelper  : HHH000204: Processing PersistenceUnitInfo [name: default]
2025-07-12T17:33:50.941+08:00  INFO 96426 --- [           main] o.h.c.internal.RegionFactoryInitiator    : HHH000026: Second-level cache disabled
2025-07-12T17:33:50.943+08:00  INFO 96426 --- [           main] o.s.o.j.p.SpringPersistenceUnitInfo      : No LoadTimeWeaver setup: ignoring JPA class transformer
2025-07-12T17:33:50.945+08:00  WARN 96426 --- [           main] org.hibernate.orm.deprecation            : HHH90000025: PostgreSQLDialect does not need to be specified explicitly using 'hibernate.dialect' (remove the property setting and it will be selected by default)
2025-07-12T17:33:50.946+08:00  INFO 96426 --- [           main] org.hibernate.orm.connections.pooling    : HHH10001005: Database info:
	Database JDBC URL [Connecting through datasource 'HikariDataSource (HikariPool-12)']
	Database driver: undefined/unknown
	Database version: 17.4
	Autocommit mode: undefined/unknown
	Isolation level: undefined/unknown
	Minimum pool size: undefined/unknown
	Maximum pool size: undefined/unknown
2025-07-12T17:33:50.967+08:00  INFO 96426 --- [           main] o.h.e.t.j.p.i.JtaPlatformInitiator       : HHH000489: No JTA platform available (set 'hibernate.transaction.jta.platform' to enable JTA platform integration)
2025-07-12T17:33:50.967+08:00  INFO 96426 --- [           main] j.LocalContainerEntityManagerFactoryBean : Initialized JPA EntityManagerFactory for persistence unit 'default'
2025-07-12T17:33:50.978+08:00  INFO 96426 --- [           main] r$InitializeUserDetailsManagerConfigurer : Global AuthenticationManager configured with UserDetailsService bean with name userDetailsServiceImpl
2025-07-12T17:33:50.999+08:00  WARN 96426 --- [           main] JpaBaseConfiguration$JpaWebConfiguration : spring.jpa.open-in-view is enabled by default. Therefore, database queries may be performed during view rendering. Explicitly configure spring.jpa.open-in-view to disable this warning
2025-07-12T17:33:51.027+08:00 DEBUG 96426 --- [           main] o.s.s.web.DefaultSecurityFilterChain     : Will secure any request with filters: DisableEncodeUrlFilter, WebAsyncManagerIntegrationFilter, SecurityContextHolderFilter, HeaderWriterFilter, LogoutFilter, SecurityFilter, RequestCacheAwareFilter, SecurityContextHolderAwareRequestFilter, AnonymousAuthenticationFilter, SessionManagementFilter, ExceptionTranslationFilter, AuthorizationFilter
2025-07-12T17:33:51.069+08:00  INFO 96426 --- [           main] o.s.b.t.m.w.SpringBootMockServletContext : Initializing Spring TestDispatcherServlet ''
2025-07-12T17:33:51.069+08:00  INFO 96426 --- [           main] o.s.t.web.servlet.TestDispatcherServlet  : Initializing Servlet ''
2025-07-12T17:33:51.069+08:00  INFO 96426 --- [           main] o.s.t.web.servlet.TestDispatcherServlet  : Completed initialization in 0 ms
2025-07-12T17:33:51.073+08:00  INFO 96426 --- [           main] c.e.product.ProductControllerTest        : Started ProductControllerTest in 0.269 seconds (process running for 7.651)
2025-07-12T17:33:51.075+08:00 DEBUG 96426 --- [           main] o.s.security.web.FilterChainProxy        : Securing POST /products
2025-07-12T17:33:51.075+08:00 DEBUG 96426 --- [           main] o.s.security.web.FilterChainProxy        : Secured POST /products
2025-07-12T17:33:51.091+08:00  INFO 96426 --- [           main] j.LocalContainerEntityManagerFactoryBean : Closing JPA EntityManagerFactory for persistence unit 'default'
2025-07-12T17:33:51.092+08:00  INFO 96426 --- [           main] com.zaxxer.hikari.HikariDataSource       : HikariPool-12 - Shutdown initiated...
2025-07-12T17:33:51.104+08:00  INFO 96426 --- [           main] com.zaxxer.hikari.HikariDataSource       : HikariPool-12 - Shutdown completed.
]]></system-out>
  </testcase>
  <testcase name="testValidSearch" classname="com.easymenu.product.ProductControllerTest" time="0.049">
    <system-out><![CDATA[2025-07-12T17:33:51.105+08:00  INFO 96426 --- [           main] o.s.b.d.r.RestartApplicationListener     : Restart disabled due to context in which it is running

  .   ____          _            __ _ _
 /\\ / ___'_ __ _ _(_)_ __  __ _ \ \ \ \
( ( )\___ | '_ | '_| | '_ \/ _` | \ \ \ \
 \\/  ___)| |_)| | | | | || (_| |  ) ) ) )
  '  |____| .__|_| |_|_| |_\__, | / / / /
 =========|_|==============|___/=/_/_/_/

 :: Spring Boot ::                (v3.4.4)

2025-07-12T17:33:51.112+08:00  INFO 96426 --- [           main] c.e.product.ProductControllerTest        : Starting ProductControllerTest using Java 17.0.15 with PID 96426 (started by viniciusrodrigues in /Users/viniciusrodrigues/Documents/Projects/EasyMenu/backend)
2025-07-12T17:33:51.112+08:00  INFO 96426 --- [           main] c.e.product.ProductControllerTest        : The following 1 profile is active: "local"
2025-07-12T17:33:51.169+08:00  INFO 96426 --- [           main] .s.d.r.c.RepositoryConfigurationDelegate : Bootstrapping Spring Data JPA repositories in DEFAULT mode.
2025-07-12T17:33:51.174+08:00  INFO 96426 --- [           main] .s.d.r.c.RepositoryConfigurationDelegate : Finished Spring Data repository scanning in 4 ms. Found 3 JPA repository interfaces.
2025-07-12T17:33:51.207+08:00  INFO 96426 --- [           main] com.zaxxer.hikari.HikariDataSource       : HikariPool-13 - Starting...
2025-07-12T17:33:51.220+08:00  INFO 96426 --- [           main] com.zaxxer.hikari.pool.HikariPool        : HikariPool-13 - Added connection org.postgresql.jdbc.PgConnection@e1306d6
2025-07-12T17:33:51.220+08:00  INFO 96426 --- [           main] com.zaxxer.hikari.HikariDataSource       : HikariPool-13 - Start completed.
2025-07-12T17:33:51.220+08:00  INFO 96426 --- [           main] org.flywaydb.core.FlywayExecutor         : Database: jdbc:postgresql://localhost:5432/easymenu_db (PostgreSQL 17.4)
2025-07-12T17:33:51.227+08:00  INFO 96426 --- [           main] o.f.core.internal.command.DbValidate     : Successfully validated 1 migration (execution time 00:00.002s)
2025-07-12T17:33:51.240+08:00  INFO 96426 --- [           main] o.f.core.internal.command.DbMigrate      : Current version of schema "public": 1
2025-07-12T17:33:51.240+08:00  INFO 96426 --- [           main] o.f.core.internal.command.DbMigrate      : Schema "public" is up to date. No migration necessary.
2025-07-12T17:33:51.247+08:00  INFO 96426 --- [           main] o.hibernate.jpa.internal.util.LogHelper  : HHH000204: Processing PersistenceUnitInfo [name: default]
2025-07-12T17:33:51.247+08:00  INFO 96426 --- [           main] o.h.c.internal.RegionFactoryInitiator    : HHH000026: Second-level cache disabled
2025-07-12T17:33:51.249+08:00  INFO 96426 --- [           main] o.s.o.j.p.SpringPersistenceUnitInfo      : No LoadTimeWeaver setup: ignoring JPA class transformer
2025-07-12T17:33:51.250+08:00  WARN 96426 --- [           main] org.hibernate.orm.deprecation            : HHH90000025: PostgreSQLDialect does not need to be specified explicitly using 'hibernate.dialect' (remove the property setting and it will be selected by default)
2025-07-12T17:33:51.251+08:00  INFO 96426 --- [           main] org.hibernate.orm.connections.pooling    : HHH10001005: Database info:
	Database JDBC URL [Connecting through datasource 'HikariDataSource (HikariPool-13)']
	Database driver: undefined/unknown
	Database version: 17.4
	Autocommit mode: undefined/unknown
	Isolation level: undefined/unknown
	Minimum pool size: undefined/unknown
	Maximum pool size: undefined/unknown
2025-07-12T17:33:51.270+08:00  INFO 96426 --- [           main] o.h.e.t.j.p.i.JtaPlatformInitiator       : HHH000489: No JTA platform available (set 'hibernate.transaction.jta.platform' to enable JTA platform integration)
2025-07-12T17:33:51.270+08:00  INFO 96426 --- [           main] j.LocalContainerEntityManagerFactoryBean : Initialized JPA EntityManagerFactory for persistence unit 'default'
2025-07-12T17:33:51.280+08:00  INFO 96426 --- [           main] r$InitializeUserDetailsManagerConfigurer : Global AuthenticationManager configured with UserDetailsService bean with name userDetailsServiceImpl
2025-07-12T17:33:51.359+08:00  WARN 96426 --- [           main] JpaBaseConfiguration$JpaWebConfiguration : spring.jpa.open-in-view is enabled by default. Therefore, database queries may be performed during view rendering. Explicitly configure spring.jpa.open-in-view to disable this warning
2025-07-12T17:33:51.385+08:00 DEBUG 96426 --- [           main] o.s.s.web.DefaultSecurityFilterChain     : Will secure any request with filters: DisableEncodeUrlFilter, WebAsyncManagerIntegrationFilter, SecurityContextHolderFilter, HeaderWriterFilter, LogoutFilter, SecurityFilter, RequestCacheAwareFilter, SecurityContextHolderAwareRequestFilter, AnonymousAuthenticationFilter, SessionManagementFilter, ExceptionTranslationFilter, AuthorizationFilter
2025-07-12T17:33:51.426+08:00  INFO 96426 --- [           main] o.s.b.t.m.w.SpringBootMockServletContext : Initializing Spring TestDispatcherServlet ''
2025-07-12T17:33:51.426+08:00  INFO 96426 --- [           main] o.s.t.web.servlet.TestDispatcherServlet  : Initializing Servlet ''
2025-07-12T17:33:51.427+08:00  INFO 96426 --- [           main] o.s.t.web.servlet.TestDispatcherServlet  : Completed initialization in 1 ms
2025-07-12T17:33:51.430+08:00  INFO 96426 --- [           main] c.e.product.ProductControllerTest        : Started ProductControllerTest in 0.325 seconds (process running for 8.008)
2025-07-12T17:33:51.433+08:00 DEBUG 96426 --- [           main] o.s.security.web.FilterChainProxy        : Securing POST /products/search
2025-07-12T17:33:51.433+08:00 DEBUG 96426 --- [           main] o.s.security.web.FilterChainProxy        : Secured POST /products/search
2025-07-12T17:33:51.439+08:00  INFO 96426 --- [           main] j.LocalContainerEntityManagerFactoryBean : Closing JPA EntityManagerFactory for persistence unit 'default'
2025-07-12T17:33:51.439+08:00  INFO 96426 --- [           main] com.zaxxer.hikari.HikariDataSource       : HikariPool-13 - Shutdown initiated...
2025-07-12T17:33:51.480+08:00  INFO 96426 --- [           main] com.zaxxer.hikari.HikariDataSource       : HikariPool-13 - Shutdown completed.
]]></system-out>
  </testcase>
</testsuite>